Script started on 2021-10-04 04:22:49+00:00 [TERM="xterm-256color" TTY="/dev/pts/1" COLUMNS="204" LINES="61"]
$ python3 monitor.py -t runtest1.py

--------------------------------------------------
Iteration number :  1
Memory (VM: aos_vm4)  Actual [462.0], Unused: [296.31640625]
Memory (VM: aos_vm2)  Actual [487.0], Unused: [276.3359375]
Memory (VM: aos_vm1)  Actual [487.0], Unused: [290.9921875]
Memory (VM: aos_vm3)  Actual [487.0], Unused: [281.83203125]

--------------------------------------------------
Iteration number :  2
Memory (VM: aos_vm4)  Actual [462.0], Unused: [296.31640625]
Memory (VM: aos_vm2)  Actual [487.0], Unused: [276.3359375]
Memory (VM: aos_vm1)  Actual [487.0], Unused: [290.9921875]
Memory (VM: aos_vm3)  Actual [487.0], Unused: [281.83203125]

--------------------------------------------------
Iteration number :  3
Memory (VM: aos_vm4)  Actual [462.0], Unused: [296.31640625]
Memory (VM: aos_vm2)  Actual [487.0], Unused: [276.3359375]
Memory (VM: aos_vm1)  Actual [487.0], Unused: [290.9921875]
Memory (VM: aos_vm3)  Actual [487.0], Unused: [281.83203125]

--------------------------------------------------
Iteration number :  4
Memory (VM: aos_vm4)  Actual [462.0], Unused: [296.34765625]
Memory (VM: aos_vm2)  Actual [487.0], Unused: [276.3359375]
Memory (VM: aos_vm1)  Actual [487.0], Unused: [290.9921875]
Memory (VM: aos_vm3)  Actual [487.0], Unused: [281.83203125]

--------------------------------------------------
Iteration number :  5
Memory (VM: aos_vm4)  Actual [462.0], Unused: [296.34765625]
Memory (VM: aos_vm2)  Actual [487.0], Unused: [276.3359375]
Memory (VM: aos_vm1)  Actual [487.0], Unused: [290.9921875]
Memory (VM: aos_vm3)  Actual [487.0], Unused: [281.83203125]
Start testcase 1

--------------------------------------------------
Iteration number :  6
Memory (VM: aos_vm4)  Actual [487.0], Unused: [345.9765625]
Memory (VM: aos_vm2)  Actual [487.0], Unused: [300.65625]
Memory (VM: aos_vm1)  Actual [487.0], Unused: [315.33203125]
Memory (VM: aos_vm3)  Actual [487.0], Unused: [306.07421875]

--------------------------------------------------
Iteration number :  7
Memory (VM: aos_vm4)  Actual [462.0], Unused: [253.234375]
Memory (VM: aos_vm2)  Actual [487.0], Unused: [276.3359375]
Memory (VM: aos_vm1)  Actual [487.0], Unused: [291.0234375]
Memory (VM: aos_vm3)  Actual [487.0], Unused: [281.61328125]

--------------------------------------------------
Iteration number :  8
Memory (VM: aos_vm4)  Actual [462.0], Unused: [232.17578125]
Memory (VM: aos_vm2)  Actual [487.0], Unused: [276.3359375]
Memory (VM: aos_vm1)  Actual [487.0], Unused: [291.0234375]
Memory (VM: aos_vm3)  Actual [487.0], Unused: [281.64453125]

--------------------------------------------------
Iteration number :  9
Memory (VM: aos_vm4)  Actual [462.0], Unused: [198.99609375]
Memory (VM: aos_vm2)  Actual [487.0], Unused: [276.3359375]
Memory (VM: aos_vm1)  Actual [487.0], Unused: [291.0234375]
Memory (VM: aos_vm3)  Actual [487.0], Unused: [281.64453125]

--------------------------------------------------
Iteration number :  10
Memory (VM: aos_vm4)  Actual [462.0], Unused: [166.05859375]
Memory (VM: aos_vm2)  Actual [487.0], Unused: [276.3359375]
Memory (VM: aos_vm1)  Actual [487.0], Unused: [291.0234375]
Memory (VM: aos_vm3)  Actual [487.0], Unused: [281.64453125]

--------------------------------------------------
Iteration number :  11
Memory (VM: aos_vm4)  Actual [462.0], Unused: [132.7578125]
Memory (VM: aos_vm2)  Actual [487.0], Unused: [276.3359375]
Memory (VM: aos_vm1)  Actual [487.0], Unused: [291.0234375]
Memory (VM: aos_vm3)  Actual [487.0], Unused: [281.64453125]

--------------------------------------------------
Iteration number :  12
Memory (VM: aos_vm4)  Actual [462.0], Unused: [99.69921875]
Memory (VM: aos_vm2)  Actual [487.0], Unused: [276.3359375]
Memory (VM: aos_vm1)  Actual [487.0], Unused: [291.0234375]
Memory (VM: aos_vm3)  Actual [487.0], Unused: [281.64453125]

--------------------------------------------------
Iteration number :  13
Memory (VM: aos_vm4)  Actual [557.51171875], Unused: [164.2421875]
Memory (VM: aos_vm2)  Actual [487.0], Unused: [276.3359375]
Memory (VM: aos_vm1)  Actual [391.48828125], Unused: [195.48046875]
Memory (VM: aos_vm3)  Actual [487.0], Unused: [281.64453125]

--------------------------------------------------
Iteration number :  14
Memory (VM: aos_vm4)  Actual [557.51171875], Unused: [133.36328125]
Memory (VM: aos_vm2)  Actual [487.0], Unused: [276.3359375]
Memory (VM: aos_vm1)  Actual [391.48828125], Unused: [195.48046875]
Memory (VM: aos_vm3)  Actual [487.0], Unused: [281.64453125]

--------------------------------------------------
Iteration number :  15
Memory (VM: aos_vm4)  Actual [557.51171875], Unused: [102.0]
Memory (VM: aos_vm2)  Actual [487.0], Unused: [276.3359375]
Memory (VM: aos_vm1)  Actual [391.48828125], Unused: [195.29296875]
Memory (VM: aos_vm3)  Actual [487.0], Unused: [281.64453125]

--------------------------------------------------
Iteration number :  16
Memory (VM: aos_vm4)  Actual [648.3359375], Unused: [161.21484375]
Memory (VM: aos_vm2)  Actual [487.0], Unused: [276.3359375]
Memory (VM: aos_vm1)  Actual [391.48828125], Unused: [195.29296875]
Memory (VM: aos_vm3)  Actual [396.1796875], Unused: [190.82421875]

--------------------------------------------------
Iteration number :  17
Memory (VM: aos_vm4)  Actual [648.3359375], Unused: [130.21484375]
Memory (VM: aos_vm2)  Actual [487.0], Unused: [276.3359375]
Memory (VM: aos_vm1)  Actual [391.48828125], Unused: [195.29296875]
Memory (VM: aos_vm3)  Actual [396.1796875], Unused: [190.82421875]

--------------------------------------------------
Iteration number :  18
Memory (VM: aos_vm4)  Actual [736.50390625], Unused: [99.21484375]
Memory (VM: aos_vm2)  Actual [398.83203125], Unused: [276.3359375]
Memory (VM: aos_vm1)  Actual [391.48828125], Unused: [195.29296875]
Memory (VM: aos_vm3)  Actual [396.1796875], Unused: [190.82421875]

--------------------------------------------------
Iteration number :  19
Memory (VM: aos_vm4)  Actual [736.50390625], Unused: [156.8984375]
Memory (VM: aos_vm2)  Actual [398.83203125], Unused: [188.2109375]
Memory (VM: aos_vm1)  Actual [391.48828125], Unused: [195.29296875]
Memory (VM: aos_vm3)  Actual [396.1796875], Unused: [190.82421875]

--------------------------------------------------
Iteration number :  20
Memory (VM: aos_vm4)  Actual [736.50390625], Unused: [126.01953125]
Memory (VM: aos_vm2)  Actual [398.83203125], Unused: [188.2109375]
Memory (VM: aos_vm1)  Actual [391.48828125], Unused: [195.29296875]
Memory (VM: aos_vm3)  Actual [396.1796875], Unused: [190.82421875]

--------------------------------------------------
Iteration number :  21
Memory (VM: aos_vm4)  Actual [736.50390625], Unused: [95.140625]
Memory (VM: aos_vm2)  Actual [398.83203125], Unused: [188.0234375]
Memory (VM: aos_vm1)  Actual [391.48828125], Unused: [195.29296875]
Memory (VM: aos_vm3)  Actual [396.1796875], Unused: [190.82421875]

--------------------------------------------------
Iteration number :  22
Memory (VM: aos_vm4)  Actual [784.15234375], Unused: [112.45703125]
Memory (VM: aos_vm2)  Actual [398.83203125], Unused: [188.0234375]
Memory (VM: aos_vm1)  Actual [343.84375], Unused: [147.703125]
Memory (VM: aos_vm3)  Actual [396.1796875], Unused: [190.82421875]

--------------------------------------------------
Iteration number :  23
Memory (VM: aos_vm4)  Actual [829.56640625], Unused: [127.59375]
Memory (VM: aos_vm2)  Actual [398.83203125], Unused: [188.0234375]
Memory (VM: aos_vm1)  Actual [343.84375], Unused: [147.703125]
Memory (VM: aos_vm3)  Actual [350.76953125], Unused: [145.4140625]

--------------------------------------------------
Iteration number :  24
Memory (VM: aos_vm4)  Actual [829.56640625], Unused: [96.95703125]
Memory (VM: aos_vm2)  Actual [398.83203125], Unused: [188.0234375]
Memory (VM: aos_vm1)  Actual [343.84375], Unused: [147.703125]
Memory (VM: aos_vm3)  Actual [350.76953125], Unused: [145.4140625]

--------------------------------------------------
Iteration number :  25
Memory (VM: aos_vm4)  Actual [873.578125], Unused: [111.24609375]
Memory (VM: aos_vm2)  Actual [354.8203125], Unused: [143.9453125]
Memory (VM: aos_vm1)  Actual [343.84375], Unused: [147.703125]
Memory (VM: aos_vm3)  Actual [350.76953125], Unused: [145.4140625]

--------------------------------------------------
Iteration number :  26
Memory (VM: aos_vm4)  Actual [897.4296875], Unused: [104.73828125]
Memory (VM: aos_vm2)  Actual [354.8203125], Unused: [143.9453125]
Memory (VM: aos_vm1)  Actual [319.9921875], Unused: [123.84765625]
Memory (VM: aos_vm3)  Actual [350.76953125], Unused: [145.4140625]

--------------------------------------------------
Iteration number :  27
Memory (VM: aos_vm4)  Actual [942.109375], Unused: [97.3515625]
Memory (VM: aos_vm2)  Actual [332.84765625], Unused: [143.9453125]
Memory (VM: aos_vm1)  Actual [319.9921875], Unused: [123.84765625]
Memory (VM: aos_vm3)  Actual [328.0625], Unused: [122.76953125]

--------------------------------------------------
Iteration number :  28
Memory (VM: aos_vm4)  Actual [942.109375], Unused: [88.75390625]
Memory (VM: aos_vm2)  Actual [332.84765625], Unused: [122.02734375]
Memory (VM: aos_vm1)  Actual [319.9921875], Unused: [123.87890625]
Memory (VM: aos_vm3)  Actual [328.0625], Unused: [122.76953125]

--------------------------------------------------
Iteration number :  29
Memory (VM: aos_vm4)  Actual [1054.05078125], Unused: [170.37109375]
Memory (VM: aos_vm2)  Actual [332.84765625], Unused: [122.02734375]
Memory (VM: aos_vm1)  Actual [308.0546875], Unused: [111.890625]
Memory (VM: aos_vm3)  Actual [328.0625], Unused: [122.80078125]

--------------------------------------------------
Iteration number :  30
Memory (VM: aos_vm4)  Actual [1054.05078125], Unused: [139.546875]
Memory (VM: aos_vm2)  Actual [332.84765625], Unused: [122.02734375]
Memory (VM: aos_vm1)  Actual [308.0546875], Unused: [111.890625]
Memory (VM: aos_vm3)  Actual [328.0625], Unused: [122.80078125]

--------------------------------------------------
Iteration number :  31
Memory (VM: aos_vm4)  Actual [1054.05078125], Unused: [108.66796875]
Memory (VM: aos_vm2)  Actual [332.84765625], Unused: [122.02734375]
Memory (VM: aos_vm1)  Actual [308.0546875], Unused: [111.890625]
Memory (VM: aos_vm3)  Actual [328.0625], Unused: [122.80078125]

--------------------------------------------------
Iteration number :  32
Memory (VM: aos_vm4)  Actual [1076.46875], Unused: [89.4140625]
Memory (VM: aos_vm2)  Actual [321.8359375], Unused: [122.02734375]
Memory (VM: aos_vm1)  Actual [308.0546875], Unused: [111.890625]
Memory (VM: aos_vm3)  Actual [316.6640625], Unused: [111.41796875]

--------------------------------------------------
Iteration number :  33
Memory (VM: aos_vm4)  Actual [1176.46875], Unused: [169.8203125]
Memory (VM: aos_vm2)  Actual [321.8359375], Unused: [111.0078125]
Memory (VM: aos_vm1)  Actual [308.0546875], Unused: [111.890625]
Memory (VM: aos_vm3)  Actual [316.6640625], Unused: [111.41796875]

--------------------------------------------------
Iteration number :  34
Memory (VM: aos_vm4)  Actual [1176.46875], Unused: [139.3046875]
Memory (VM: aos_vm2)  Actual [321.8359375], Unused: [111.0078125]
Memory (VM: aos_vm1)  Actual [308.0546875], Unused: [111.890625]
Memory (VM: aos_vm3)  Actual [316.6640625], Unused: [111.41796875]

--------------------------------------------------
Iteration number :  35
Memory (VM: aos_vm4)  Actual [1176.46875], Unused: [108.546875]
Memory (VM: aos_vm2)  Actual [321.8359375], Unused: [111.0078125]
Memory (VM: aos_vm1)  Actual [308.0546875], Unused: [111.890625]
Memory (VM: aos_vm3)  Actual [316.6640625], Unused: [111.41796875]

--------------------------------------------------
Iteration number :  36
Memory (VM: aos_vm4)  Actual [1276.46875], Unused: [178.17578125]
Memory (VM: aos_vm2)  Actual [321.8359375], Unused: [111.0078125]
Memory (VM: aos_vm1)  Actual [308.0546875], Unused: [111.890625]
Memory (VM: aos_vm3)  Actual [316.6640625], Unused: [111.41796875]

--------------------------------------------------
Iteration number :  37
Memory (VM: aos_vm4)  Actual [1276.46875], Unused: [147.5390625]
Memory (VM: aos_vm2)  Actual [321.8359375], Unused: [111.0078125]
Memory (VM: aos_vm1)  Actual [308.0546875], Unused: [111.890625]
Memory (VM: aos_vm3)  Actual [316.6640625], Unused: [111.41796875]

--------------------------------------------------
Iteration number :  38
Memory (VM: aos_vm4)  Actual [1276.46875], Unused: [116.5390625]
Memory (VM: aos_vm2)  Actual [321.8359375], Unused: [111.0078125]
Memory (VM: aos_vm1)  Actual [308.0546875], Unused: [111.890625]
Memory (VM: aos_vm3)  Actual [316.6640625], Unused: [111.41796875]

--------------------------------------------------
Iteration number :  39
Memory (VM: aos_vm4)  Actual [1376.46875], Unused: [85.78125]
Memory (VM: aos_vm2)  Actual [321.8359375], Unused: [111.0078125]
Memory (VM: aos_vm1)  Actual [308.0546875], Unused: [111.890625]
Memory (VM: aos_vm3)  Actual [316.6640625], Unused: [111.41796875]

--------------------------------------------------
Iteration number :  40
Memory (VM: aos_vm4)  Actual [1376.46875], Unused: [157.83203125]
Memory (VM: aos_vm2)  Actual [321.8359375], Unused: [111.0390625]
Memory (VM: aos_vm1)  Actual [308.0546875], Unused: [111.890625]
Memory (VM: aos_vm3)  Actual [316.6640625], Unused: [111.41796875]

--------------------------------------------------
Iteration number :  41
Memory (VM: aos_vm4)  Actual [1376.46875], Unused: [127.1953125]
Memory (VM: aos_vm2)  Actual [321.8359375], Unused: [111.0390625]
Memory (VM: aos_vm1)  Actual [308.0546875], Unused: [111.890625]
Memory (VM: aos_vm3)  Actual [316.6640625], Unused: [111.41796875]

--------------------------------------------------
Iteration number :  42
Memory (VM: aos_vm4)  Actual [1382.4140625], Unused: [87.59765625]
Memory (VM: aos_vm2)  Actual [321.8359375], Unused: [111.0390625]
Memory (VM: aos_vm1)  Actual [302.109375], Unused: [111.890625]
Memory (VM: aos_vm3)  Actual [316.6640625], Unused: [111.41796875]

--------------------------------------------------
Iteration number :  43
Memory (VM: aos_vm4)  Actual [1482.4140625], Unused: [157.2265625]
Memory (VM: aos_vm2)  Actual [321.8359375], Unused: [111.0390625]
Memory (VM: aos_vm1)  Actual [302.109375], Unused: [105.95703125]
Memory (VM: aos_vm3)  Actual [316.6640625], Unused: [111.41796875]

--------------------------------------------------
Iteration number :  44
Memory (VM: aos_vm4)  Actual [1482.4140625], Unused: [126.46875]
Memory (VM: aos_vm2)  Actual [321.8359375], Unused: [111.0390625]
Memory (VM: aos_vm1)  Actual [302.109375], Unused: [105.95703125]
Memory (VM: aos_vm3)  Actual [316.6640625], Unused: [111.41796875]

--------------------------------------------------
Iteration number :  45
Memory (VM: aos_vm4)  Actual [1482.4140625], Unused: [95.953125]
Memory (VM: aos_vm2)  Actual [321.8359375], Unused: [111.0390625]
Memory (VM: aos_vm1)  Actual [302.109375], Unused: [105.95703125]
Memory (VM: aos_vm3)  Actual [316.6640625], Unused: [111.41796875]

--------------------------------------------------
Iteration number :  46
Memory (VM: aos_vm4)  Actual [1588.125], Unused: [171.18359375]
Memory (VM: aos_vm2)  Actual [321.8359375], Unused: [111.0390625]
Memory (VM: aos_vm1)  Actual [302.109375], Unused: [105.95703125]
Memory (VM: aos_vm3)  Actual [310.95703125], Unused: [105.7265625]

--------------------------------------------------
Iteration number :  47
Memory (VM: aos_vm4)  Actual [1588.125], Unused: [140.7890625]
Memory (VM: aos_vm2)  Actual [321.8359375], Unused: [111.0390625]
Memory (VM: aos_vm1)  Actual [302.109375], Unused: [105.95703125]
Memory (VM: aos_vm3)  Actual [310.95703125], Unused: [105.7265625]

--------------------------------------------------
Iteration number :  48
Memory (VM: aos_vm4)  Actual [1588.125], Unused: [109.66796875]
Memory (VM: aos_vm2)  Actual [321.8359375], Unused: [111.0390625]
Memory (VM: aos_vm1)  Actual [302.109375], Unused: [105.98828125]
Memory (VM: aos_vm3)  Actual [310.95703125], Unused: [105.7265625]

--------------------------------------------------
Iteration number :  49
Memory (VM: aos_vm4)  Actual [1688.125], Unused: [179.41796875]
Memory (VM: aos_vm2)  Actual [321.8359375], Unused: [111.0390625]
Memory (VM: aos_vm1)  Actual [302.109375], Unused: [105.98828125]
Memory (VM: aos_vm3)  Actual [310.95703125], Unused: [105.7578125]

--------------------------------------------------
Iteration number :  50
Memory (VM: aos_vm4)  Actual [1688.125], Unused: [148.90234375]
Memory (VM: aos_vm2)  Actual [321.8359375], Unused: [111.0390625]
Memory (VM: aos_vm1)  Actual [302.109375], Unused: [105.98828125]
Memory (VM: aos_vm3)  Actual [310.95703125], Unused: [105.7578125]

--------------------------------------------------
Iteration number :  51
Memory (VM: aos_vm4)  Actual [1688.125], Unused: [118.265625]
Memory (VM: aos_vm2)  Actual [321.8359375], Unused: [111.0390625]
Memory (VM: aos_vm1)  Actual [302.109375], Unused: [105.98828125]
Memory (VM: aos_vm3)  Actual [310.95703125], Unused: [105.7578125]

--------------------------------------------------
Iteration number :  52
Memory (VM: aos_vm4)  Actual [1788.125], Unused: [87.62890625]
Memory (VM: aos_vm2)  Actual [321.8359375], Unused: [111.0390625]
Memory (VM: aos_vm1)  Actual [302.109375], Unused: [105.98828125]
Memory (VM: aos_vm3)  Actual [310.95703125], Unused: [105.7578125]

--------------------------------------------------
Iteration number :  53
Memory (VM: aos_vm4)  Actual [1788.125], Unused: [157.13671875]
Memory (VM: aos_vm2)  Actual [321.8359375], Unused: [111.0390625]
Memory (VM: aos_vm1)  Actual [302.109375], Unused: [105.98828125]
Memory (VM: aos_vm3)  Actual [310.95703125], Unused: [105.7578125]

--------------------------------------------------
Iteration number :  54
Memory (VM: aos_vm4)  Actual [1788.125], Unused: [126.37890625]
Memory (VM: aos_vm2)  Actual [321.8359375], Unused: [111.0390625]
Memory (VM: aos_vm1)  Actual [302.109375], Unused: [105.98828125]
Memory (VM: aos_vm3)  Actual [310.95703125], Unused: [105.7578125]

--------------------------------------------------
Iteration number :  55
Memory (VM: aos_vm4)  Actual [1788.125], Unused: [95.7421875]
Memory (VM: aos_vm2)  Actual [321.8359375], Unused: [111.0390625]
Memory (VM: aos_vm1)  Actual [302.109375], Unused: [105.98828125]
Memory (VM: aos_vm3)  Actual [310.95703125], Unused: [105.7578125]

--------------------------------------------------
Iteration number :  56
Memory (VM: aos_vm4)  Actual [1893.64453125], Unused: [170.8203125]
Memory (VM: aos_vm2)  Actual [316.31640625], Unused: [105.46875]
Memory (VM: aos_vm1)  Actual [302.109375], Unused: [105.98828125]
Memory (VM: aos_vm3)  Actual [310.95703125], Unused: [105.7578125]

--------------------------------------------------
Iteration number :  57
Memory (VM: aos_vm4)  Actual [1893.64453125], Unused: [140.3046875]
Memory (VM: aos_vm2)  Actual [316.31640625], Unused: [105.46875]
Memory (VM: aos_vm1)  Actual [302.109375], Unused: [105.98828125]
Memory (VM: aos_vm3)  Actual [310.95703125], Unused: [105.7578125]

--------------------------------------------------
Iteration number :  58
Memory (VM: aos_vm4)  Actual [1893.64453125], Unused: [109.18359375]
Memory (VM: aos_vm2)  Actual [316.31640625], Unused: [105.46875]
Memory (VM: aos_vm1)  Actual [302.109375], Unused: [105.98828125]
Memory (VM: aos_vm3)  Actual [310.95703125], Unused: [105.7578125]

--------------------------------------------------
Iteration number :  59
Memory (VM: aos_vm4)  Actual [1993.64453125], Unused: [78.546875]
Memory (VM: aos_vm2)  Actual [316.31640625], Unused: [105.46875]
Memory (VM: aos_vm1)  Actual [302.109375], Unused: [105.98828125]
Memory (VM: aos_vm3)  Actual [310.95703125], Unused: [105.7578125]

--------------------------------------------------
Iteration number :  60
Memory (VM: aos_vm4)  Actual [1993.64453125], Unused: [147.93359375]
Memory (VM: aos_vm2)  Actual [316.31640625], Unused: [105.5]
Memory (VM: aos_vm1)  Actual [302.109375], Unused: [105.98828125]
Memory (VM: aos_vm3)  Actual [310.95703125], Unused: [105.7578125]

--------------------------------------------------
Iteration number :  61
Memory (VM: aos_vm4)  Actual [1993.64453125], Unused: [117.296875]
Memory (VM: aos_vm2)  Actual [316.31640625], Unused: [105.5]
Memory (VM: aos_vm1)  Actual [302.109375], Unused: [105.98828125]
Memory (VM: aos_vm3)  Actual [310.95703125], Unused: [105.7578125]

--------------------------------------------------
Iteration number :  62
Memory (VM: aos_vm4)  Actual [2048.0], Unused: [86.66015625]
Memory (VM: aos_vm2)  Actual [316.31640625], Unused: [105.5]
Memory (VM: aos_vm1)  Actual [302.109375], Unused: [105.98828125]
Memory (VM: aos_vm3)  Actual [310.95703125], Unused: [105.7578125]

--------------------------------------------------
Iteration number :  63
Memory (VM: aos_vm4)  Actual [2048.0], Unused: [110.515625]
Memory (VM: aos_vm2)  Actual [316.31640625], Unused: [105.5]
Memory (VM: aos_vm1)  Actual [302.109375], Unused: [105.98828125]
Memory (VM: aos_vm3)  Actual [310.95703125], Unused: [105.7578125]

--------------------------------------------------
Iteration number :  64
Memory (VM: aos_vm4)  Actual [2048.0], Unused: [80.12109375]
Memory (VM: aos_vm2)  Actual [316.31640625], Unused: [105.5]
Memory (VM: aos_vm1)  Actual [302.109375], Unused: [105.98828125]
Memory (VM: aos_vm3)  Actual [310.95703125], Unused: [105.7578125]

--------------------------------------------------
Iteration number :  65
Memory (VM: aos_vm4)  Actual [2048.0], Unused: [77.51171875]
Memory (VM: aos_vm2)  Actual [316.31640625], Unused: [105.5]
Memory (VM: aos_vm1)  Actual [302.109375], Unused: [105.98828125]
Memory (VM: aos_vm3)  Actual [310.95703125], Unused: [105.7578125]

--------------------------------------------------
Iteration number :  66
Memory (VM: aos_vm4)  Actual [2048.0], Unused: [68.10546875]
Memory (VM: aos_vm2)  Actual [316.31640625], Unused: [105.5]
Memory (VM: aos_vm1)  Actual [302.109375], Unused: [105.98828125]
Memory (VM: aos_vm3)  Actual [310.95703125], Unused: [105.7578125]

--------------------------------------------------
Iteration number :  67
Memory (VM: aos_vm4)  Actual [1998.0], Unused: [1858.80078125]
Memory (VM: aos_vm2)  Actual [316.31640625], Unused: [105.5]
Memory (VM: aos_vm1)  Actual [302.109375], Unused: [105.98828125]
Memory (VM: aos_vm3)  Actual [310.95703125], Unused: [105.7578125]

--------------------------------------------------
Iteration number :  68
Memory (VM: aos_vm4)  Actual [1948.0], Unused: [1808.7890625]
Memory (VM: aos_vm2)  Actual [316.31640625], Unused: [105.5]
Memory (VM: aos_vm1)  Actual [302.109375], Unused: [105.98828125]
Memory (VM: aos_vm3)  Actual [310.95703125], Unused: [105.7578125]

--------------------------------------------------
Iteration number :  69
Memory (VM: aos_vm4)  Actual [1898.0], Unused: [1758.77734375]
Memory (VM: aos_vm2)  Actual [316.31640625], Unused: [105.5]
Memory (VM: aos_vm1)  Actual [302.109375], Unused: [106.01953125]
Memory (VM: aos_vm3)  Actual [310.95703125], Unused: [105.7578125]

--------------------------------------------------
Iteration number :  70
Memory (VM: aos_vm4)  Actual [1848.0], Unused: [1708.765625]
Memory (VM: aos_vm2)  Actual [316.31640625], Unused: [105.5]
Memory (VM: aos_vm1)  Actual [302.109375], Unused: [106.01953125]
Memory (VM: aos_vm3)  Actual [310.95703125], Unused: [105.7890625]

--------------------------------------------------
Iteration number :  71
Memory (VM: aos_vm4)  Actual [1798.0], Unused: [1658.75390625]
Memory (VM: aos_vm2)  Actual [316.31640625], Unused: [105.5]
Memory (VM: aos_vm1)  Actual [302.109375], Unused: [106.01953125]
Memory (VM: aos_vm3)  Actual [310.95703125], Unused: [105.7890625]

--------------------------------------------------
Iteration number :  72
Memory (VM: aos_vm4)  Actual [1773.0], Unused: [1608.7421875]
Memory (VM: aos_vm2)  Actual [316.31640625], Unused: [105.5]
Memory (VM: aos_vm1)  Actual [302.109375], Unused: [106.01953125]
Memory (VM: aos_vm3)  Actual [310.95703125], Unused: [105.7890625]

--------------------------------------------------
Iteration number :  73
Memory (VM: aos_vm4)  Actual [1723.0], Unused: [1558.73046875]
Memory (VM: aos_vm2)  Actual [316.31640625], Unused: [105.5]
Memory (VM: aos_vm1)  Actual [302.109375], Unused: [106.01953125]
Memory (VM: aos_vm3)  Actual [310.95703125], Unused: [105.7890625]

--------------------------------------------------
Iteration number :  74
Memory (VM: aos_vm4)  Actual [1673.0], Unused: [1533.78515625]
Memory (VM: aos_vm2)  Actual [316.31640625], Unused: [105.5]
Memory (VM: aos_vm1)  Actual [302.109375], Unused: [106.01953125]
Memory (VM: aos_vm3)  Actual [310.95703125], Unused: [105.7890625]

--------------------------------------------------
Iteration number :  75
Memory (VM: aos_vm4)  Actual [1623.0], Unused: [1483.7734375]
Memory (VM: aos_vm2)  Actual [316.31640625], Unused: [105.5]
Memory (VM: aos_vm1)  Actual [302.109375], Unused: [106.01953125]
Memory (VM: aos_vm3)  Actual [310.95703125], Unused: [105.7890625]

--------------------------------------------------
Iteration number :  76
Memory (VM: aos_vm4)  Actual [1573.0], Unused: [1433.76171875]
Memory (VM: aos_vm2)  Actual [316.31640625], Unused: [105.5]
Memory (VM: aos_vm1)  Actual [302.109375], Unused: [106.01953125]
Memory (VM: aos_vm3)  Actual [310.95703125], Unused: [105.7890625]

--------------------------------------------------
Iteration number :  77
Memory (VM: aos_vm4)  Actual [1523.0], Unused: [1383.75]
Memory (VM: aos_vm2)  Actual [316.31640625], Unused: [105.5]
Memory (VM: aos_vm1)  Actual [302.109375], Unused: [106.01953125]
Memory (VM: aos_vm3)  Actual [310.95703125], Unused: [105.7890625]

--------------------------------------------------
Iteration number :  78
Memory (VM: aos_vm4)  Actual [1473.0], Unused: [1333.73828125]
Memory (VM: aos_vm2)  Actual [316.31640625], Unused: [105.5]
Memory (VM: aos_vm1)  Actual [302.109375], Unused: [106.01953125]
Memory (VM: aos_vm3)  Actual [310.95703125], Unused: [105.7890625]

--------------------------------------------------
Iteration number :  79
Memory (VM: aos_vm4)  Actual [1423.0], Unused: [1283.7265625]
Memory (VM: aos_vm2)  Actual [316.31640625], Unused: [105.5]
Memory (VM: aos_vm1)  Actual [302.109375], Unused: [106.01953125]
Memory (VM: aos_vm3)  Actual [310.95703125], Unused: [105.7890625]

--------------------------------------------------
Iteration number :  80
Memory (VM: aos_vm4)  Actual [1373.0], Unused: [1233.74609375]
Memory (VM: aos_vm2)  Actual [316.31640625], Unused: [105.5]
Memory (VM: aos_vm1)  Actual [302.109375], Unused: [106.01953125]
Memory (VM: aos_vm3)  Actual [310.95703125], Unused: [105.7890625]

--------------------------------------------------
Iteration number :  81
Memory (VM: aos_vm4)  Actual [1323.0], Unused: [1158.7890625]
Memory (VM: aos_vm2)  Actual [316.31640625], Unused: [105.53125]
Memory (VM: aos_vm1)  Actual [302.109375], Unused: [106.01953125]
Memory (VM: aos_vm3)  Actual [310.95703125], Unused: [105.7890625]

--------------------------------------------------
Iteration number :  82
Memory (VM: aos_vm4)  Actual [1297.0], Unused: [1133.84375]
Memory (VM: aos_vm2)  Actual [316.31640625], Unused: [105.53125]
Memory (VM: aos_vm1)  Actual [302.109375], Unused: [106.01953125]
Memory (VM: aos_vm3)  Actual [310.95703125], Unused: [105.7890625]

--------------------------------------------------
Iteration number :  83
Memory (VM: aos_vm4)  Actual [1248.0], Unused: [1083.83203125]
Memory (VM: aos_vm2)  Actual [316.31640625], Unused: [105.53125]
Memory (VM: aos_vm1)  Actual [302.109375], Unused: [106.01953125]
Memory (VM: aos_vm3)  Actual [310.95703125], Unused: [105.7890625]

--------------------------------------------------
Iteration number :  84
Memory (VM: aos_vm4)  Actual [1198.0], Unused: [1033.8203125]
Memory (VM: aos_vm2)  Actual [316.31640625], Unused: [105.53125]
Memory (VM: aos_vm1)  Actual [302.109375], Unused: [106.01953125]
Memory (VM: aos_vm3)  Actual [310.95703125], Unused: [105.7890625]

--------------------------------------------------
Iteration number :  85
Memory (VM: aos_vm4)  Actual [1148.0], Unused: [983.80859375]
Memory (VM: aos_vm2)  Actual [316.31640625], Unused: [105.53125]
Memory (VM: aos_vm1)  Actual [302.109375], Unused: [106.01953125]
Memory (VM: aos_vm3)  Actual [310.95703125], Unused: [105.7890625]

--------------------------------------------------
Iteration number :  86
Memory (VM: aos_vm4)  Actual [1098.0], Unused: [933.796875]
Memory (VM: aos_vm2)  Actual [316.31640625], Unused: [105.53125]
Memory (VM: aos_vm1)  Actual [302.109375], Unused: [106.01953125]
Memory (VM: aos_vm3)  Actual [310.95703125], Unused: [105.7890625]

--------------------------------------------------
Iteration number :  87
Memory (VM: aos_vm4)  Actual [1048.0], Unused: [883.78515625]
Memory (VM: aos_vm2)  Actual [316.31640625], Unused: [105.53125]
Memory (VM: aos_vm1)  Actual [302.109375], Unused: [106.01953125]
Memory (VM: aos_vm3)  Actual [310.95703125], Unused: [105.7890625]

--------------------------------------------------
Iteration number :  88
Memory (VM: aos_vm4)  Actual [998.0], Unused: [833.7734375]
Memory (VM: aos_vm2)  Actual [316.31640625], Unused: [105.53125]
Memory (VM: aos_vm1)  Actual [302.109375], Unused: [106.01953125]
Memory (VM: aos_vm3)  Actual [310.95703125], Unused: [105.7890625]

--------------------------------------------------
Iteration number :  89
Memory (VM: aos_vm4)  Actual [948.0], Unused: [783.76171875]
Memory (VM: aos_vm2)  Actual [316.31640625], Unused: [105.53125]
Memory (VM: aos_vm1)  Actual [302.109375], Unused: [106.01953125]
Memory (VM: aos_vm3)  Actual [310.95703125], Unused: [105.7890625]

--------------------------------------------------
Iteration number :  90
Memory (VM: aos_vm4)  Actual [898.0], Unused: [758.453125]
Memory (VM: aos_vm2)  Actual [316.31640625], Unused: [105.53125]
Memory (VM: aos_vm1)  Actual [302.109375], Unused: [106.05078125]
Memory (VM: aos_vm3)  Actual [310.95703125], Unused: [105.7890625]

--------------------------------------------------
Iteration number :  91
Memory (VM: aos_vm4)  Actual [848.0], Unused: [708.44140625]
Memory (VM: aos_vm2)  Actual [316.31640625], Unused: [105.53125]
Memory (VM: aos_vm1)  Actual [302.109375], Unused: [106.05078125]
Memory (VM: aos_vm3)  Actual [310.95703125], Unused: [105.8203125]

--------------------------------------------------
Iteration number :  92
Memory (VM: aos_vm4)  Actual [823.0], Unused: [658.4296875]
Memory (VM: aos_vm2)  Actual [316.31640625], Unused: [105.53125]
Memory (VM: aos_vm1)  Actual [302.109375], Unused: [106.05078125]
Memory (VM: aos_vm3)  Actual [310.95703125], Unused: [105.8203125]

--------------------------------------------------
Iteration number :  93
Memory (VM: aos_vm4)  Actual [773.0], Unused: [608.41796875]
Memory (VM: aos_vm2)  Actual [316.31640625], Unused: [105.53125]
Memory (VM: aos_vm1)  Actual [302.109375], Unused: [106.05078125]
Memory (VM: aos_vm3)  Actual [310.95703125], Unused: [105.8203125]

--------------------------------------------------
Iteration number :  94
Memory (VM: aos_vm4)  Actual [723.0], Unused: [558.40625]
Memory (VM: aos_vm2)  Actual [316.31640625], Unused: [105.53125]
Memory (VM: aos_vm1)  Actual [302.109375], Unused: [106.05078125]
Memory (VM: aos_vm3)  Actual [310.95703125], Unused: [105.8203125]

--------------------------------------------------
Iteration number :  95
Memory (VM: aos_vm4)  Actual [673.0], Unused: [508.515625]
Memory (VM: aos_vm2)  Actual [316.31640625], Unused: [105.53125]
Memory (VM: aos_vm1)  Actual [302.109375], Unused: [106.05078125]
Memory (VM: aos_vm3)  Actual [310.95703125], Unused: [105.8203125]

--------------------------------------------------
Iteration number :  96
Memory (VM: aos_vm4)  Actual [623.0], Unused: [458.50390625]
Memory (VM: aos_vm2)  Actual [316.31640625], Unused: [105.53125]
Memory (VM: aos_vm1)  Actual [302.109375], Unused: [106.05078125]
Memory (VM: aos_vm3)  Actual [310.95703125], Unused: [105.8203125]

--------------------------------------------------
Iteration number :  97
Memory (VM: aos_vm4)  Actual [573.0], Unused: [408.4921875]
Memory (VM: aos_vm2)  Actual [316.31640625], Unused: [105.53125]
Memory (VM: aos_vm1)  Actual [302.109375], Unused: [106.05078125]
Memory (VM: aos_vm3)  Actual [310.95703125], Unused: [105.8203125]

--------------------------------------------------
Iteration number :  98
Memory (VM: aos_vm4)  Actual [523.0], Unused: [358.48046875]
Memory (VM: aos_vm2)  Actual [316.31640625], Unused: [105.53125]
Memory (VM: aos_vm1)  Actual [302.109375], Unused: [106.05078125]
Memory (VM: aos_vm3)  Actual [310.95703125], Unused: [105.8203125]

--------------------------------------------------
Iteration number :  99
Memory (VM: aos_vm4)  Actual [473.0], Unused: [333.4140625]
Memory (VM: aos_vm2)  Actual [316.31640625], Unused: [105.53125]
Memory (VM: aos_vm1)  Actual [302.109375], Unused: [106.05078125]
Memory (VM: aos_vm3)  Actual [310.95703125], Unused: [105.8203125]

--------------------------------------------------
Iteration number :  100
Memory (VM: aos_vm4)  Actual [448.0], Unused: [283.40234375]
Memory (VM: aos_vm2)  Actual [316.31640625], Unused: [105.53125]
Memory (VM: aos_vm1)  Actual [302.109375], Unused: [106.05078125]
Memory (VM: aos_vm3)  Actual [310.95703125], Unused: [105.8203125]

--------------------------------------------------
Iteration number :  101
Memory (VM: aos_vm4)  Actual [448.0], Unused: [283.43359375]
Memory (VM: aos_vm2)  Actual [316.31640625], Unused: [105.53125]
Memory (VM: aos_vm1)  Actual [302.109375], Unused: [106.05078125]
Memory (VM: aos_vm3)  Actual [310.95703125], Unused: [105.8203125]

--------------------------------------------------
Iteration number :  102
Memory (VM: aos_vm4)  Actual [448.0], Unused: [283.43359375]
Memory (VM: aos_vm2)  Actual [316.31640625], Unused: [105.5625]
Memory (VM: aos_vm1)  Actual [302.109375], Unused: [106.05078125]
Memory (VM: aos_vm3)  Actual [310.95703125], Unused: [105.8203125]

--------------------------------------------------
Iteration number :  103
Memory (VM: aos_vm4)  Actual [448.0], Unused: [283.43359375]
Memory (VM: aos_vm2)  Actual [316.31640625], Unused: [105.5625]
Memory (VM: aos_vm1)  Actual [302.109375], Unused: [106.05078125]
Memory (VM: aos_vm3)  Actual [310.95703125], Unused: [105.8203125]

--------------------------------------------------
Iteration number :  104
Memory (VM: aos_vm4)  Actual [448.0], Unused: [283.43359375]
Memory (VM: aos_vm2)  Actual [316.31640625], Unused: [105.5625]
Memory (VM: aos_vm1)  Actual [302.109375], Unused: [106.05078125]
Memory (VM: aos_vm3)  Actual [310.95703125], Unused: [105.8203125]

--------------------------------------------------
Iteration number :  105
Memory (VM: aos_vm4)  Actual [448.0], Unused: [283.43359375]
Memory (VM: aos_vm2)  Actual [316.31640625], Unused: [105.5625]
Memory (VM: aos_vm1)  Actual [302.109375], Unused: [106.05078125]
Memory (VM: aos_vm3)  Actual [310.95703125], Unused: [105.8203125]

--------------------------------------------------
Iteration number :  106
Memory (VM: aos_vm4)  Actual [448.0], Unused: [283.43359375]
Memory (VM: aos_vm2)  Actual [316.31640625], Unused: [105.5625]
Memory (VM: aos_vm1)  Actual [302.109375], Unused: [106.05078125]
Memory (VM: aos_vm3)  Actual [310.95703125], Unused: [105.8203125]

--------------------------------------------------
Iteration number :  107
Memory (VM: aos_vm4)  Actual [448.0], Unused: [283.43359375]
Memory (VM: aos_vm2)  Actual [316.31640625], Unused: [105.5625]
Memory (VM: aos_vm1)  Actual [302.109375], Unused: [106.05078125]
Memory (VM: aos_vm3)  Actual [310.95703125], Unused: [105.8203125]

--------------------------------------------------
Iteration number :  108
Memory (VM: aos_vm4)  Actual [448.0], Unused: [283.43359375]
Memory (VM: aos_vm2)  Actual [316.31640625], Unused: [105.5625]
Memory (VM: aos_vm1)  Actual [302.109375], Unused: [106.05078125]
Memory (VM: aos_vm3)  Actual [310.95703125], Unused: [105.8203125]

--------------------------------------------------
Iteration number :  109
Memory (VM: aos_vm4)  Actual [448.0], Unused: [283.43359375]
Memory (VM: aos_vm2)  Actual [316.31640625], Unused: [105.5625]
Memory (VM: aos_vm1)  Actual [302.109375], Unused: [106.05078125]
Memory (VM: aos_vm3)  Actual [310.95703125], Unused: [105.8203125]

--------------------------------------------------
Iteration number :  110
Memory (VM: aos_vm4)  Actual [448.0], Unused: [283.43359375]
Memory (VM: aos_vm2)  Actual [316.31640625], Unused: [105.5625]
Memory (VM: aos_vm1)  Actual [302.109375], Unused: [106.05078125]
Memory (VM: aos_vm3)  Actual [310.95703125], Unused: [105.8203125]

--------------------------------------------------
Iteration number :  111
Memory (VM: aos_vm4)  Actual [448.0], Unused: [283.43359375]
Memory (VM: aos_vm2)  Actual [316.31640625], Unused: [105.5625]
Memory (VM: aos_vm1)  Actual [302.109375], Unused: [106.08203125]
Memory (VM: aos_vm3)  Actual [310.95703125], Unused: [105.8203125]

--------------------------------------------------
Iteration number :  112
Memory (VM: aos_vm4)  Actual [448.0], Unused: [283.43359375]
Memory (VM: aos_vm2)  Actual [316.31640625], Unused: [105.5625]
Memory (VM: aos_vm1)  Actual [302.109375], Unused: [106.08203125]
Memory (VM: aos_vm3)  Actual [310.95703125], Unused: [105.8515625]

--------------------------------------------------
Iteration number :  113
Memory (VM: aos_vm4)  Actual [448.0], Unused: [283.43359375]
Memory (VM: aos_vm2)  Actual [316.31640625], Unused: [105.5625]
Memory (VM: aos_vm1)  Actual [302.109375], Unused: [106.08203125]
Memory (VM: aos_vm3)  Actual [310.95703125], Unused: [105.8515625]

--------------------------------------------------
Iteration number :  114
Memory (VM: aos_vm4)  Actual [448.0], Unused: [283.43359375]
Memory (VM: aos_vm2)  Actual [316.31640625], Unused: [105.5625]
Memory (VM: aos_vm1)  Actual [302.109375], Unused: [106.08203125]
Memory (VM: aos_vm3)  Actual [310.95703125], Unused: [105.8515625]

--------------------------------------------------
Iteration number :  115
Memory (VM: aos_vm4)  Actual [448.0], Unused: [283.43359375]
Memory (VM: aos_vm2)  Actual [316.31640625], Unused: [105.5625]
Memory (VM: aos_vm1)  Actual [302.109375], Unused: [106.08203125]
Memory (VM: aos_vm3)  Actual [310.95703125], Unused: [105.8515625]

--------------------------------------------------
Iteration number :  116
Memory (VM: aos_vm4)  Actual [448.0], Unused: [283.43359375]
Memory (VM: aos_vm2)  Actual [316.31640625], Unused: [105.5625]
Memory (VM: aos_vm1)  Actual [302.109375], Unused: [106.08203125]
Memory (VM: aos_vm3)  Actual [310.95703125], Unused: [105.8515625]

--------------------------------------------------
Iteration number :  117
Memory (VM: aos_vm4)  Actual [448.0], Unused: [283.43359375]
Memory (VM: aos_vm2)  Actual [316.31640625], Unused: [105.5625]
Memory (VM: aos_vm1)  Actual [302.109375], Unused: [106.08203125]
Memory (VM: aos_vm3)  Actual [310.95703125], Unused: [105.8515625]

--------------------------------------------------
Iteration number :  118
Memory (VM: aos_vm4)  Actual [448.0], Unused: [283.43359375]
Memory (VM: aos_vm2)  Actual [316.31640625], Unused: [105.5625]
Memory (VM: aos_vm1)  Actual [302.109375], Unused: [106.08203125]
Memory (VM: aos_vm3)  Actual [310.95703125], Unused: [105.8515625]

--------------------------------------------------
Iteration number :  119
Memory (VM: aos_vm4)  Actual [448.0], Unused: [283.43359375]
Memory (VM: aos_vm2)  Actual [316.31640625], Unused: [105.5625]
Memory (VM: aos_vm1)  Actual [302.109375], Unused: [106.08203125]
Memory (VM: aos_vm3)  Actual [310.95703125], Unused: [105.8515625]

--------------------------------------------------
Iteration number :  120
Memory (VM: aos_vm4)  Actual [448.0], Unused: [282.46484375]
Memory (VM: aos_vm2)  Actual [316.31640625], Unused: [105.5625]
Memory (VM: aos_vm1)  Actual [302.109375], Unused: [106.08203125]
Memory (VM: aos_vm3)  Actual [310.95703125], Unused: [105.8515625]

--------------------------------------------------
Iteration number :  121
Memory (VM: aos_vm4)  Actual [448.0], Unused: [282.46484375]
Memory (VM: aos_vm2)  Actual [316.31640625], Unused: [105.5625]
Memory (VM: aos_vm1)  Actual [302.109375], Unused: [106.08203125]
Memory (VM: aos_vm3)  Actual [310.95703125], Unused: [105.8515625]

--------------------------------------------------
Iteration number :  122
Memory (VM: aos_vm4)  Actual [448.0], Unused: [282.49609375]
Memory (VM: aos_vm2)  Actual [316.31640625], Unused: [105.5625]
Memory (VM: aos_vm1)  Actual [302.109375], Unused: [106.08203125]
Memory (VM: aos_vm3)  Actual [310.95703125], Unused: [105.8515625]

--------------------------------------------------
Iteration number :  123
Memory (VM: aos_vm4)  Actual [448.0], Unused: [282.49609375]
Memory (VM: aos_vm2)  Actual [316.31640625], Unused: [105.59375]
Memory (VM: aos_vm1)  Actual [302.109375], Unused: [106.08203125]
Memory (VM: aos_vm3)  Actual [310.95703125], Unused: [105.8515625]

--------------------------------------------------
Iteration number :  124
Memory (VM: aos_vm4)  Actual [448.0], Unused: [282.49609375]
Memory (VM: aos_vm2)  Actual [316.31640625], Unused: [105.59375]
Memory (VM: aos_vm1)  Actual [302.109375], Unused: [106.08203125]
Memory (VM: aos_vm3)  Actual [310.95703125], Unused: [105.8515625]

--------------------------------------------------
Iteration number :  125
Memory (VM: aos_vm4)  Actual [448.0], Unused: [282.49609375]
Memory (VM: aos_vm2)  Actual [316.31640625], Unused: [105.59375]
Memory (VM: aos_vm1)  Actual [302.109375], Unused: [106.08203125]
Memory (VM: aos_vm3)  Actual [310.95703125], Unused: [105.8515625]

--------------------------------------------------
Iteration number :  126
Memory (VM: aos_vm4)  Actual [448.0], Unused: [282.49609375]
Memory (VM: aos_vm2)  Actual [316.31640625], Unused: [105.59375]
Memory (VM: aos_vm1)  Actual [302.109375], Unused: [106.08203125]
Memory (VM: aos_vm3)  Actual [310.95703125], Unused: [105.8515625]

--------------------------------------------------
Iteration number :  127
Memory (VM: aos_vm4)  Actual [448.0], Unused: [282.49609375]
Memory (VM: aos_vm2)  Actual [316.31640625], Unused: [105.59375]
Memory (VM: aos_vm1)  Actual [302.109375], Unused: [106.08203125]
Memory (VM: aos_vm3)  Actual [310.95703125], Unused: [105.8515625]

--------------------------------------------------
Iteration number :  128
Memory (VM: aos_vm4)  Actual [448.0], Unused: [282.49609375]
Memory (VM: aos_vm2)  Actual [316.31640625], Unused: [105.59375]
Memory (VM: aos_vm1)  Actual [302.109375], Unused: [106.08203125]
Memory (VM: aos_vm3)  Actual [310.95703125], Unused: [105.8515625]

--------------------------------------------------
Iteration number :  129
Memory (VM: aos_vm4)  Actual [448.0], Unused: [282.49609375]
Memory (VM: aos_vm2)  Actual [316.31640625], Unused: [105.59375]
Memory (VM: aos_vm1)  Actual [302.109375], Unused: [106.08203125]
Memory (VM: aos_vm3)  Actual [310.95703125], Unused: [105.8515625]

--------------------------------------------------
Iteration number :  130
Memory (VM: aos_vm4)  Actual [448.0], Unused: [282.49609375]
Memory (VM: aos_vm2)  Actual [316.31640625], Unused: [105.59375]
Memory (VM: aos_vm1)  Actual [302.109375], Unused: [106.08203125]
Memory (VM: aos_vm3)  Actual [310.95703125], Unused: [105.8515625]
$ run: no process found
run: no process found
run: no process found
run: no process found

$ exit

Script done on 2021-10-04 04:27:40+00:00 [COMMAND_EXIT_CODE="0"]
