Script started on 2021-10-04 04:57:15+00:00 [TERM="xterm-256color" TTY="/dev/pts/1" COLUMNS="204" LINES="61"]
$ m python3 monitor, .py -t runtest3.py

--------------------------------------------------
Iteration number :  1
Memory (VM: aos_vm4)  Actual [466.0], Unused: [266.234375]
Memory (VM: aos_vm2)  Actual [456.0], Unused: [265.78125]
Memory (VM: aos_vm1)  Actual [427.0], Unused: [244.74609375]
Memory (VM: aos_vm3)  Actual [452.0], Unused: [261.33984375]

--------------------------------------------------
Iteration number :  2
Memory (VM: aos_vm4)  Actual [466.0], Unused: [266.234375]
Memory (VM: aos_vm2)  Actual [456.0], Unused: [265.78125]
Memory (VM: aos_vm1)  Actual [427.0], Unused: [244.74609375]
Memory (VM: aos_vm3)  Actual [452.0], Unused: [261.33984375]

--------------------------------------------------
Iteration number :  3
Memory (VM: aos_vm4)  Actual [466.0], Unused: [266.234375]
Memory (VM: aos_vm2)  Actual [456.0], Unused: [265.78125]
Memory (VM: aos_vm1)  Actual [427.0], Unused: [244.74609375]
Memory (VM: aos_vm3)  Actual [452.0], Unused: [261.33984375]

--------------------------------------------------
Iteration number :  4
Memory (VM: aos_vm4)  Actual [466.0], Unused: [266.234375]
Memory (VM: aos_vm2)  Actual [456.0], Unused: [265.78125]
Memory (VM: aos_vm1)  Actual [427.0], Unused: [244.74609375]
Memory (VM: aos_vm3)  Actual [452.0], Unused: [261.37109375]

--------------------------------------------------
Iteration number :  5
Memory (VM: aos_vm4)  Actual [466.0], Unused: [266.234375]
Memory (VM: aos_vm2)  Actual [456.0], Unused: [265.78125]
Memory (VM: aos_vm1)  Actual [427.0], Unused: [244.77734375]
Memory (VM: aos_vm3)  Actual [452.0], Unused: [261.37109375]
Start testcase 3

--------------------------------------------------
Iteration number :  6
Memory (VM: aos_vm4)  Actual [487.0], Unused: [287.66796875]
Memory (VM: aos_vm2)  Actual [487.0], Unused: [296.7734375]
Memory (VM: aos_vm1)  Actual [487.0], Unused: [329.54296875]
Memory (VM: aos_vm3)  Actual [487.0], Unused: [321.18359375]

--------------------------------------------------
Iteration number :  7
Memory (VM: aos_vm4)  Actual [487.0], Unused: [282.7578125]
Memory (VM: aos_vm2)  Actual [487.0], Unused: [292.55078125]
Memory (VM: aos_vm1)  Actual [462.0], Unused: [280.13671875]
Memory (VM: aos_vm3)  Actual [487.0], Unused: [296.73046875]

--------------------------------------------------
Iteration number :  8
Memory (VM: aos_vm4)  Actual [487.0], Unused: [254.01171875]
Memory (VM: aos_vm2)  Actual [487.0], Unused: [262.6328125]
Memory (VM: aos_vm1)  Actual [462.0], Unused: [280.13671875]
Memory (VM: aos_vm3)  Actual [487.0], Unused: [296.73046875]

--------------------------------------------------
Iteration number :  9
Memory (VM: aos_vm4)  Actual [487.0], Unused: [222.40625]
Memory (VM: aos_vm2)  Actual [487.0], Unused: [231.6328125]
Memory (VM: aos_vm1)  Actual [462.0], Unused: [280.13671875]
Memory (VM: aos_vm3)  Actual [487.0], Unused: [296.73046875]

--------------------------------------------------
Iteration number :  10
Memory (VM: aos_vm4)  Actual [487.0], Unused: [191.1640625]
Memory (VM: aos_vm2)  Actual [487.0], Unused: [200.1484375]
Memory (VM: aos_vm1)  Actual [462.0], Unused: [280.13671875]
Memory (VM: aos_vm3)  Actual [487.0], Unused: [296.73046875]

--------------------------------------------------
Iteration number :  11
Memory (VM: aos_vm4)  Actual [487.0], Unused: [159.1953125]
Memory (VM: aos_vm2)  Actual [487.0], Unused: [167.33203125]
Memory (VM: aos_vm1)  Actual [462.0], Unused: [280.13671875]
Memory (VM: aos_vm3)  Actual [487.0], Unused: [296.73046875]

--------------------------------------------------
Iteration number :  12
Memory (VM: aos_vm4)  Actual [487.0], Unused: [127.46875]
Memory (VM: aos_vm2)  Actual [487.0], Unused: [134.7890625]
Memory (VM: aos_vm1)  Actual [462.0], Unused: [280.13671875]
Memory (VM: aos_vm3)  Actual [487.0], Unused: [296.73046875]

--------------------------------------------------
Iteration number :  13
Memory (VM: aos_vm4)  Actual [487.0], Unused: [95.53125]
Memory (VM: aos_vm2)  Actual [487.0], Unused: [102.21484375]
Memory (VM: aos_vm1)  Actual [462.0], Unused: [280.13671875]
Memory (VM: aos_vm3)  Actual [487.0], Unused: [296.73046875]

--------------------------------------------------
Iteration number :  14
Memory (VM: aos_vm4)  Actual [585.3671875], Unused: [162.859375]
Memory (VM: aos_vm2)  Actual [577.0703125], Unused: [147.4921875]
Memory (VM: aos_vm1)  Actual [371.93359375], Unused: [190.04296875]
Memory (VM: aos_vm3)  Actual [388.63671875], Unused: [198.40234375]

--------------------------------------------------
Iteration number :  15
Memory (VM: aos_vm4)  Actual [585.3671875], Unused: [132.5859375]
Memory (VM: aos_vm2)  Actual [577.0703125], Unused: [129.703125]
Memory (VM: aos_vm1)  Actual [371.93359375], Unused: [190.04296875]
Memory (VM: aos_vm3)  Actual [388.63671875], Unused: [198.40234375]

--------------------------------------------------
Iteration number :  16
Memory (VM: aos_vm4)  Actual [585.3671875], Unused: [102.43359375]
Memory (VM: aos_vm2)  Actual [577.0703125], Unused: [99.1875]
Memory (VM: aos_vm1)  Actual [371.93359375], Unused: [190.04296875]
Memory (VM: aos_vm3)  Actual [388.63671875], Unused: [198.40234375]

--------------------------------------------------
Iteration number :  17
Memory (VM: aos_vm4)  Actual [630.390625], Unused: [119.38671875]
Memory (VM: aos_vm2)  Actual [626.2734375], Unused: [118.68359375]
Memory (VM: aos_vm1)  Actual [299.9140625], Unused: [118.11328125]
Memory (VM: aos_vm3)  Actual [339.4375], Unused: [149.23828125]

--------------------------------------------------
Iteration number :  18
Memory (VM: aos_vm4)  Actual [630.390625], Unused: [89.9609375]
Memory (VM: aos_vm2)  Actual [626.2734375], Unused: [89.5]
Memory (VM: aos_vm1)  Actual [299.9140625], Unused: [118.11328125]
Memory (VM: aos_vm3)  Actual [339.4375], Unused: [149.23828125]

--------------------------------------------------
Iteration number :  19
Memory (VM: aos_vm4)  Actual [664.0703125], Unused: [94.3203125]
Memory (VM: aos_vm2)  Actual [659.953125], Unused: [93.859375]
Memory (VM: aos_vm1)  Actual [286.859375], Unused: [105.03515625]
Memory (VM: aos_vm3)  Actual [298.8203125], Unused: [108.55078125]

--------------------------------------------------
Iteration number :  20
Memory (VM: aos_vm4)  Actual [764.0703125], Unused: [165.0390625]
Memory (VM: aos_vm2)  Actual [759.953125], Unused: [164.09375]
Memory (VM: aos_vm1)  Actual [286.859375], Unused: [105.03515625]
Memory (VM: aos_vm3)  Actual [298.8203125], Unused: [108.55078125]

--------------------------------------------------
Iteration number :  21
Memory (VM: aos_vm4)  Actual [764.0703125], Unused: [135.9765625]
Memory (VM: aos_vm2)  Actual [759.953125], Unused: [134.91015625]
Memory (VM: aos_vm1)  Actual [286.859375], Unused: [105.03515625]
Memory (VM: aos_vm3)  Actual [298.8203125], Unused: [108.55078125]

--------------------------------------------------
Iteration number :  22
Memory (VM: aos_vm4)  Actual [764.0703125], Unused: [106.9140625]
Memory (VM: aos_vm2)  Actual [759.953125], Unused: [105.2421875]
Memory (VM: aos_vm1)  Actual [286.859375], Unused: [105.03515625]
Memory (VM: aos_vm3)  Actual [298.8203125], Unused: [108.55078125]

--------------------------------------------------
Iteration number :  23
Memory (VM: aos_vm4)  Actual [864.0703125], Unused: [177.99609375]
Memory (VM: aos_vm2)  Actual [859.953125], Unused: [175.71875]
Memory (VM: aos_vm1)  Actual [286.859375], Unused: [105.03515625]
Memory (VM: aos_vm3)  Actual [298.8203125], Unused: [108.55078125]

--------------------------------------------------
Iteration number :  24
Memory (VM: aos_vm4)  Actual [864.0703125], Unused: [148.69140625]
Memory (VM: aos_vm2)  Actual [859.953125], Unused: [146.8984375]
Memory (VM: aos_vm1)  Actual [286.859375], Unused: [105.03515625]
Memory (VM: aos_vm3)  Actual [298.8203125], Unused: [108.58203125]

--------------------------------------------------
Iteration number :  25
Memory (VM: aos_vm4)  Actual [839.0703125], Unused: [639.0703125]
Memory (VM: aos_vm2)  Actual [859.953125], Unused: [116.3828125]
Memory (VM: aos_vm1)  Actual [286.859375], Unused: [105.06640625]
Memory (VM: aos_vm3)  Actual [298.8203125], Unused: [108.58203125]

--------------------------------------------------
Iteration number :  26
Memory (VM: aos_vm4)  Actual [789.0703125], Unused: [614.125]
Memory (VM: aos_vm2)  Actual [859.953125], Unused: [85.74609375]
Memory (VM: aos_vm1)  Actual [286.859375], Unused: [105.06640625]
Memory (VM: aos_vm3)  Actual [298.8203125], Unused: [108.58203125]

--------------------------------------------------
Iteration number :  27
Memory (VM: aos_vm4)  Actual [508.48046875], Unused: [333.58203125]
Memory (VM: aos_vm2)  Actual [1079.54296875], Unused: [300.203125]
Memory (VM: aos_vm1)  Actual [286.859375], Unused: [105.06640625]
Memory (VM: aos_vm3)  Actual [298.8203125], Unused: [108.58203125]

--------------------------------------------------
Iteration number :  28
Memory (VM: aos_vm4)  Actual [483.48046875], Unused: [283.5703125]
Memory (VM: aos_vm2)  Actual [1079.54296875], Unused: [244.5]
Memory (VM: aos_vm1)  Actual [286.859375], Unused: [105.06640625]
Memory (VM: aos_vm3)  Actual [298.8203125], Unused: [108.58203125]

--------------------------------------------------
Iteration number :  29
Memory (VM: aos_vm4)  Actual [483.48046875], Unused: [283.5703125]
Memory (VM: aos_vm2)  Actual [1079.54296875], Unused: [213.37890625]
Memory (VM: aos_vm1)  Actual [286.859375], Unused: [105.06640625]
Memory (VM: aos_vm3)  Actual [298.8203125], Unused: [108.58203125]

--------------------------------------------------
Iteration number :  30
Memory (VM: aos_vm4)  Actual [483.48046875], Unused: [283.5703125]
Memory (VM: aos_vm2)  Actual [1079.54296875], Unused: [182.984375]
Memory (VM: aos_vm1)  Actual [286.859375], Unused: [105.06640625]
Memory (VM: aos_vm3)  Actual [298.8203125], Unused: [108.39453125]

--------------------------------------------------
Iteration number :  31
Memory (VM: aos_vm4)  Actual [483.48046875], Unused: [283.5703125]
Memory (VM: aos_vm2)  Actual [1079.54296875], Unused: [152.46875]
Memory (VM: aos_vm1)  Actual [286.859375], Unused: [105.06640625]
Memory (VM: aos_vm3)  Actual [298.8203125], Unused: [108.39453125]

--------------------------------------------------
Iteration number :  32
Memory (VM: aos_vm4)  Actual [483.48046875], Unused: [283.5703125]
Memory (VM: aos_vm2)  Actual [1079.54296875], Unused: [122.07421875]
Memory (VM: aos_vm1)  Actual [286.859375], Unused: [105.06640625]
Memory (VM: aos_vm3)  Actual [298.8203125], Unused: [108.39453125]

--------------------------------------------------
Iteration number :  33
Memory (VM: aos_vm4)  Actual [373.6953125], Unused: [283.5703125]
Memory (VM: aos_vm2)  Actual [1171.328125], Unused: [91.2265625]
Memory (VM: aos_vm1)  Actual [286.859375], Unused: [105.06640625]
Memory (VM: aos_vm3)  Actual [298.8203125], Unused: [108.39453125]

--------------------------------------------------
Iteration number :  34
Memory (VM: aos_vm4)  Actual [373.6953125], Unused: [173.73828125]
Memory (VM: aos_vm2)  Actual [1171.328125], Unused: [153.10546875]
Memory (VM: aos_vm1)  Actual [286.859375], Unused: [105.06640625]
Memory (VM: aos_vm3)  Actual [298.8203125], Unused: [108.39453125]

--------------------------------------------------
Iteration number :  35
Memory (VM: aos_vm4)  Actual [373.6953125], Unused: [173.73828125]
Memory (VM: aos_vm2)  Actual [1171.328125], Unused: [122.46875]
Memory (VM: aos_vm1)  Actual [286.859375], Unused: [105.06640625]
Memory (VM: aos_vm3)  Actual [298.8203125], Unused: [108.39453125]

--------------------------------------------------
Iteration number :  36
Memory (VM: aos_vm4)  Actual [331.828125], Unused: [173.73828125]
Memory (VM: aos_vm2)  Actual [1208.19921875], Unused: [92.31640625]
Memory (VM: aos_vm1)  Actual [286.859375], Unused: [105.06640625]
Memory (VM: aos_vm3)  Actual [298.8203125], Unused: [108.39453125]

--------------------------------------------------
Iteration number :  37
Memory (VM: aos_vm4)  Actual [300.84765625], Unused: [131.9609375]
Memory (VM: aos_vm2)  Actual [1224.1796875], Unused: [98.61328125]
Memory (VM: aos_vm1)  Actual [286.859375], Unused: [105.06640625]
Memory (VM: aos_vm3)  Actual [298.8203125], Unused: [108.39453125]

--------------------------------------------------
Iteration number :  38
Memory (VM: aos_vm4)  Actual [300.84765625], Unused: [100.9609375]
Memory (VM: aos_vm2)  Actual [1228.37890625], Unused: [89.65234375]
Memory (VM: aos_vm1)  Actual [286.859375], Unused: [105.06640625]
Memory (VM: aos_vm3)  Actual [294.625], Unused: [104.27734375]

--------------------------------------------------
Iteration number :  39
Memory (VM: aos_vm4)  Actual [300.84765625], Unused: [100.9609375]
Memory (VM: aos_vm2)  Actual [1328.37890625], Unused: [160.0078125]
Memory (VM: aos_vm1)  Actual [286.859375], Unused: [105.06640625]
Memory (VM: aos_vm3)  Actual [294.625], Unused: [104.27734375]

--------------------------------------------------
Iteration number :  40
Memory (VM: aos_vm4)  Actual [300.84765625], Unused: [100.9609375]
Memory (VM: aos_vm2)  Actual [1328.37890625], Unused: [130.58203125]
Memory (VM: aos_vm1)  Actual [286.859375], Unused: [105.06640625]
Memory (VM: aos_vm3)  Actual [294.625], Unused: [104.27734375]

--------------------------------------------------
Iteration number :  41
Memory (VM: aos_vm4)  Actual [300.84765625], Unused: [100.9609375]
Memory (VM: aos_vm2)  Actual [1328.37890625], Unused: [102.609375]
Memory (VM: aos_vm1)  Actual [286.859375], Unused: [105.06640625]
Memory (VM: aos_vm3)  Actual [294.625], Unused: [104.27734375]

--------------------------------------------------
Iteration number :  42
Memory (VM: aos_vm4)  Actual [300.84765625], Unused: [100.9609375]
Memory (VM: aos_vm2)  Actual [1428.37890625], Unused: [173.69140625]
Memory (VM: aos_vm1)  Actual [286.859375], Unused: [104.87890625]
Memory (VM: aos_vm3)  Actual [294.625], Unused: [104.27734375]

--------------------------------------------------
Iteration number :  43
Memory (VM: aos_vm4)  Actual [300.84765625], Unused: [100.9609375]
Memory (VM: aos_vm2)  Actual [1428.37890625], Unused: [144.0234375]
Memory (VM: aos_vm1)  Actual [286.859375], Unused: [104.87890625]
Memory (VM: aos_vm3)  Actual [294.625], Unused: [104.27734375]

--------------------------------------------------
Iteration number :  44
Memory (VM: aos_vm4)  Actual [300.84765625], Unused: [100.9609375]
Memory (VM: aos_vm2)  Actual [1428.37890625], Unused: [114.11328125]
Memory (VM: aos_vm1)  Actual [286.859375], Unused: [104.87890625]
Memory (VM: aos_vm3)  Actual [294.625], Unused: [104.27734375]

--------------------------------------------------
Iteration number :  45
Memory (VM: aos_vm4)  Actual [300.84765625], Unused: [100.9609375]
Memory (VM: aos_vm2)  Actual [1530.8203125], Unused: [86.625]
Memory (VM: aos_vm1)  Actual [284.421875], Unused: [102.45703125]
Memory (VM: aos_vm3)  Actual [294.625], Unused: [104.30859375]

--------------------------------------------------
Iteration number :  46
Memory (VM: aos_vm4)  Actual [300.84765625], Unused: [100.9609375]
Memory (VM: aos_vm2)  Actual [1530.8203125], Unused: [141.96484375]
Memory (VM: aos_vm1)  Actual [284.421875], Unused: [102.48828125]
Memory (VM: aos_vm3)  Actual [294.625], Unused: [104.30859375]

--------------------------------------------------
Iteration number :  47
Memory (VM: aos_vm4)  Actual [300.84765625], Unused: [100.9921875]
Memory (VM: aos_vm2)  Actual [1530.8203125], Unused: [111.93359375]
Memory (VM: aos_vm1)  Actual [284.421875], Unused: [102.48828125]
Memory (VM: aos_vm3)  Actual [294.625], Unused: [104.30859375]

--------------------------------------------------
Iteration number :  48
Memory (VM: aos_vm4)  Actual [300.84765625], Unused: [100.9921875]
Memory (VM: aos_vm2)  Actual [1530.8203125], Unused: [82.14453125]
Memory (VM: aos_vm1)  Actual [284.421875], Unused: [102.48828125]
Memory (VM: aos_vm3)  Actual [294.625], Unused: [104.30859375]

--------------------------------------------------
Iteration number :  49
Memory (VM: aos_vm4)  Actual [300.84765625], Unused: [100.9921875]
Memory (VM: aos_vm2)  Actual [1630.8203125], Unused: [152.984375]
Memory (VM: aos_vm1)  Actual [284.421875], Unused: [102.48828125]
Memory (VM: aos_vm3)  Actual [294.625], Unused: [104.30859375]

--------------------------------------------------
Iteration number :  50
Memory (VM: aos_vm4)  Actual [300.84765625], Unused: [100.9921875]
Memory (VM: aos_vm2)  Actual [1630.8203125], Unused: [123.31640625]
Memory (VM: aos_vm1)  Actual [284.421875], Unused: [102.48828125]
Memory (VM: aos_vm3)  Actual [294.625], Unused: [104.30859375]

--------------------------------------------------
Iteration number :  51
Memory (VM: aos_vm4)  Actual [300.84765625], Unused: [100.9921875]
Memory (VM: aos_vm2)  Actual [1630.8203125], Unused: [93.52734375]
Memory (VM: aos_vm1)  Actual [284.421875], Unused: [102.48828125]
Memory (VM: aos_vm3)  Actual [294.625], Unused: [104.30859375]

--------------------------------------------------
Iteration number :  52
Memory (VM: aos_vm4)  Actual [300.84765625], Unused: [100.9921875]
Memory (VM: aos_vm2)  Actual [1730.8203125], Unused: [164.125]
Memory (VM: aos_vm1)  Actual [284.421875], Unused: [102.48828125]
Memory (VM: aos_vm3)  Actual [294.625], Unused: [104.30859375]

--------------------------------------------------
Iteration number :  53
Memory (VM: aos_vm4)  Actual [300.84765625], Unused: [100.9921875]
Memory (VM: aos_vm2)  Actual [1730.8203125], Unused: [134.69921875]
Memory (VM: aos_vm1)  Actual [284.421875], Unused: [102.48828125]
Memory (VM: aos_vm3)  Actual [294.625], Unused: [104.30859375]

--------------------------------------------------
Iteration number :  54
Memory (VM: aos_vm4)  Actual [300.84765625], Unused: [100.9921875]
Memory (VM: aos_vm2)  Actual [1730.8203125], Unused: [104.45703125]
Memory (VM: aos_vm1)  Actual [284.421875], Unused: [102.48828125]
Memory (VM: aos_vm3)  Actual [294.625], Unused: [104.30859375]

--------------------------------------------------
Iteration number :  55
Memory (VM: aos_vm4)  Actual [300.84765625], Unused: [100.9921875]
Memory (VM: aos_vm2)  Actual [1830.8203125], Unused: [74.66796875]
Memory (VM: aos_vm1)  Actual [284.421875], Unused: [102.48828125]
Memory (VM: aos_vm3)  Actual [294.625], Unused: [104.30859375]

--------------------------------------------------
Iteration number :  56
Memory (VM: aos_vm4)  Actual [300.84765625], Unused: [100.9921875]
Memory (VM: aos_vm2)  Actual [1830.8203125], Unused: [145.38671875]
Memory (VM: aos_vm1)  Actual [284.421875], Unused: [102.48828125]
Memory (VM: aos_vm3)  Actual [294.625], Unused: [104.30859375]

--------------------------------------------------
Iteration number :  57
Memory (VM: aos_vm4)  Actual [300.84765625], Unused: [100.9921875]
Memory (VM: aos_vm2)  Actual [1830.8203125], Unused: [115.83984375]
Memory (VM: aos_vm1)  Actual [284.421875], Unused: [102.48828125]
Memory (VM: aos_vm3)  Actual [294.625], Unused: [104.30859375]

--------------------------------------------------
Iteration number :  58
Memory (VM: aos_vm4)  Actual [300.84765625], Unused: [100.9921875]
Memory (VM: aos_vm2)  Actual [1830.8203125], Unused: [85.6875]
Memory (VM: aos_vm1)  Actual [284.421875], Unused: [102.48828125]
Memory (VM: aos_vm3)  Actual [294.625], Unused: [104.30859375]

--------------------------------------------------
Iteration number :  59
Memory (VM: aos_vm4)  Actual [300.84765625], Unused: [100.9921875]
Memory (VM: aos_vm2)  Actual [1930.8203125], Unused: [155.6796875]
Memory (VM: aos_vm1)  Actual [284.421875], Unused: [102.48828125]
Memory (VM: aos_vm3)  Actual [294.625], Unused: [104.30859375]

--------------------------------------------------
Iteration number :  60
Memory (VM: aos_vm4)  Actual [300.84765625], Unused: [100.9921875]
Memory (VM: aos_vm2)  Actual [1930.8203125], Unused: [125.76953125]
Memory (VM: aos_vm1)  Actual [284.421875], Unused: [102.48828125]
Memory (VM: aos_vm3)  Actual [294.625], Unused: [104.30859375]

--------------------------------------------------
Iteration number :  61
Memory (VM: aos_vm4)  Actual [300.84765625], Unused: [100.9921875]
Memory (VM: aos_vm2)  Actual [1930.8203125], Unused: [95.25390625]
Memory (VM: aos_vm1)  Actual [284.421875], Unused: [102.48828125]
Memory (VM: aos_vm3)  Actual [294.625], Unused: [104.30859375]

--------------------------------------------------
Iteration number :  62
Memory (VM: aos_vm4)  Actual [300.84765625], Unused: [100.9921875]
Memory (VM: aos_vm2)  Actual [2030.8203125], Unused: [165.125]
Memory (VM: aos_vm1)  Actual [284.421875], Unused: [102.48828125]
Memory (VM: aos_vm3)  Actual [294.625], Unused: [104.30859375]

--------------------------------------------------
Iteration number :  63
Memory (VM: aos_vm4)  Actual [300.84765625], Unused: [100.9921875]
Memory (VM: aos_vm2)  Actual [2030.8203125], Unused: [134.609375]
Memory (VM: aos_vm1)  Actual [284.421875], Unused: [102.48828125]
Memory (VM: aos_vm3)  Actual [294.625], Unused: [104.30859375]

--------------------------------------------------
Iteration number :  64
Memory (VM: aos_vm4)  Actual [300.84765625], Unused: [100.9921875]
Memory (VM: aos_vm2)  Actual [2030.8203125], Unused: [104.21484375]
Memory (VM: aos_vm1)  Actual [284.421875], Unused: [102.48828125]
Memory (VM: aos_vm3)  Actual [294.625], Unused: [104.30859375]

--------------------------------------------------
Iteration number :  65
Memory (VM: aos_vm4)  Actual [300.84765625], Unused: [100.9921875]
Memory (VM: aos_vm2)  Actual [2048.0], Unused: [91.2578125]
Memory (VM: aos_vm1)  Actual [284.421875], Unused: [102.48828125]
Memory (VM: aos_vm3)  Actual [294.625], Unused: [104.30859375]

--------------------------------------------------
Iteration number :  66
Memory (VM: aos_vm4)  Actual [300.84765625], Unused: [100.9921875]
Memory (VM: aos_vm2)  Actual [2048.0], Unused: [76.0625]
Memory (VM: aos_vm1)  Actual [284.421875], Unused: [102.48828125]
Memory (VM: aos_vm3)  Actual [294.625], Unused: [104.33984375]

--------------------------------------------------
Iteration number :  67
Memory (VM: aos_vm4)  Actual [300.84765625], Unused: [100.9921875]
Memory (VM: aos_vm2)  Actual [2048.0], Unused: [66.26171875]
Memory (VM: aos_vm1)  Actual [284.421875], Unused: [102.51953125]
Memory (VM: aos_vm3)  Actual [294.625], Unused: [104.33984375]

--------------------------------------------------
Iteration number :  68
Memory (VM: aos_vm4)  Actual [300.84765625], Unused: [101.0234375]
Memory (VM: aos_vm2)  Actual [2048.0], Unused: [1892.01171875]
Memory (VM: aos_vm1)  Actual [284.421875], Unused: [102.51953125]
Memory (VM: aos_vm3)  Actual [294.625], Unused: [104.33984375]

--------------------------------------------------
Iteration number :  69
Memory (VM: aos_vm4)  Actual [300.84765625], Unused: [101.0234375]
Memory (VM: aos_vm2)  Actual [1998.0], Unused: [1842.2734375]
Memory (VM: aos_vm1)  Actual [284.421875], Unused: [102.51953125]
Memory (VM: aos_vm3)  Actual [294.625], Unused: [104.33984375]

--------------------------------------------------
Iteration number :  70
Memory (VM: aos_vm4)  Actual [300.84765625], Unused: [101.0234375]
Memory (VM: aos_vm2)  Actual [1948.0], Unused: [1792.26171875]
Memory (VM: aos_vm1)  Actual [284.421875], Unused: [102.51953125]
Memory (VM: aos_vm3)  Actual [294.625], Unused: [104.33984375]

--------------------------------------------------
Iteration number :  71
Memory (VM: aos_vm4)  Actual [300.84765625], Unused: [101.0234375]
Memory (VM: aos_vm2)  Actual [1898.0], Unused: [1760.171875]
Memory (VM: aos_vm1)  Actual [284.421875], Unused: [102.51953125]
Memory (VM: aos_vm3)  Actual [294.625], Unused: [104.33984375]

--------------------------------------------------
Iteration number :  72
Memory (VM: aos_vm4)  Actual [300.84765625], Unused: [101.0234375]
Memory (VM: aos_vm2)  Actual [1848.0], Unused: [1717.18359375]
Memory (VM: aos_vm1)  Actual [284.421875], Unused: [102.51953125]
Memory (VM: aos_vm3)  Actual [294.625], Unused: [104.33984375]

--------------------------------------------------
Iteration number :  73
Memory (VM: aos_vm4)  Actual [300.84765625], Unused: [101.0234375]
Memory (VM: aos_vm2)  Actual [1798.0], Unused: [1667.171875]
Memory (VM: aos_vm1)  Actual [284.421875], Unused: [102.51953125]
Memory (VM: aos_vm3)  Actual [294.625], Unused: [104.33984375]

--------------------------------------------------
Iteration number :  74
Memory (VM: aos_vm4)  Actual [300.84765625], Unused: [101.0234375]
Memory (VM: aos_vm2)  Actual [1748.0], Unused: [1617.16015625]
Memory (VM: aos_vm1)  Actual [284.421875], Unused: [102.51953125]
Memory (VM: aos_vm3)  Actual [294.625], Unused: [104.33984375]

--------------------------------------------------
Iteration number :  75
Memory (VM: aos_vm4)  Actual [300.84765625], Unused: [101.0234375]
Memory (VM: aos_vm2)  Actual [1698.0], Unused: [1567.26953125]
Memory (VM: aos_vm1)  Actual [284.421875], Unused: [102.51953125]
Memory (VM: aos_vm3)  Actual [294.625], Unused: [104.33984375]

--------------------------------------------------
Iteration number :  76
Memory (VM: aos_vm4)  Actual [300.84765625], Unused: [101.0234375]
Memory (VM: aos_vm2)  Actual [1648.0], Unused: [1517.2578125]
Memory (VM: aos_vm1)  Actual [284.421875], Unused: [102.51953125]
Memory (VM: aos_vm3)  Actual [294.625], Unused: [104.33984375]

--------------------------------------------------
Iteration number :  77
Memory (VM: aos_vm4)  Actual [300.84765625], Unused: [101.0234375]
Memory (VM: aos_vm2)  Actual [1608.0], Unused: [1467.24609375]
Memory (VM: aos_vm1)  Actual [284.421875], Unused: [102.51953125]
Memory (VM: aos_vm3)  Actual [294.625], Unused: [104.33984375]

--------------------------------------------------
Iteration number :  78
Memory (VM: aos_vm4)  Actual [300.84765625], Unused: [101.0234375]
Memory (VM: aos_vm2)  Actual [1573.0], Unused: [1417.234375]
Memory (VM: aos_vm1)  Actual [284.421875], Unused: [102.51953125]
Memory (VM: aos_vm3)  Actual [294.625], Unused: [104.33984375]

--------------------------------------------------
Iteration number :  79
Memory (VM: aos_vm4)  Actual [300.84765625], Unused: [101.0234375]
Memory (VM: aos_vm2)  Actual [1523.0], Unused: [1367.22265625]
Memory (VM: aos_vm1)  Actual [284.421875], Unused: [102.51953125]
Memory (VM: aos_vm3)  Actual [294.625], Unused: [104.33984375]

--------------------------------------------------
Iteration number :  80
Memory (VM: aos_vm4)  Actual [300.84765625], Unused: [101.0234375]
Memory (VM: aos_vm2)  Actual [1473.0], Unused: [1336.22265625]
Memory (VM: aos_vm1)  Actual [284.421875], Unused: [102.51953125]
Memory (VM: aos_vm3)  Actual [294.625], Unused: [104.33984375]

--------------------------------------------------
Iteration number :  81
Memory (VM: aos_vm4)  Actual [300.84765625], Unused: [101.0234375]
Memory (VM: aos_vm2)  Actual [1423.0], Unused: [1292.265625]
Memory (VM: aos_vm1)  Actual [284.421875], Unused: [102.51953125]
Memory (VM: aos_vm3)  Actual [294.625], Unused: [104.33984375]

--------------------------------------------------
Iteration number :  82
Memory (VM: aos_vm4)  Actual [300.84765625], Unused: [101.0234375]
Memory (VM: aos_vm2)  Actual [1373.0], Unused: [1242.25390625]
Memory (VM: aos_vm1)  Actual [284.421875], Unused: [102.51953125]
Memory (VM: aos_vm3)  Actual [294.625], Unused: [104.33984375]

--------------------------------------------------
Iteration number :  83
Memory (VM: aos_vm4)  Actual [300.84765625], Unused: [101.0234375]
Memory (VM: aos_vm2)  Actual [1323.0], Unused: [1191.87890625]
Memory (VM: aos_vm1)  Actual [284.421875], Unused: [102.51953125]
Memory (VM: aos_vm3)  Actual [294.625], Unused: [104.33984375]

--------------------------------------------------
Iteration number :  84
Memory (VM: aos_vm4)  Actual [300.84765625], Unused: [101.0234375]
Memory (VM: aos_vm2)  Actual [1273.0], Unused: [1141.98828125]
Memory (VM: aos_vm1)  Actual [284.421875], Unused: [102.51953125]
Memory (VM: aos_vm3)  Actual [294.625], Unused: [104.33984375]

--------------------------------------------------
Iteration number :  85
Memory (VM: aos_vm4)  Actual [300.84765625], Unused: [101.0234375]
Memory (VM: aos_vm2)  Actual [1223.0], Unused: [1091.9765625]
Memory (VM: aos_vm1)  Actual [284.421875], Unused: [102.51953125]
Memory (VM: aos_vm3)  Actual [294.625], Unused: [104.33984375]

--------------------------------------------------
Iteration number :  86
Memory (VM: aos_vm4)  Actual [300.84765625], Unused: [101.0234375]
Memory (VM: aos_vm2)  Actual [1173.0], Unused: [1041.96484375]
Memory (VM: aos_vm1)  Actual [284.421875], Unused: [102.51953125]
Memory (VM: aos_vm3)  Actual [294.625], Unused: [104.33984375]

--------------------------------------------------
Iteration number :  87
Memory (VM: aos_vm4)  Actual [300.84765625], Unused: [101.0234375]
Memory (VM: aos_vm2)  Actual [1123.0], Unused: [991.953125]
Memory (VM: aos_vm1)  Actual [284.421875], Unused: [102.51953125]
Memory (VM: aos_vm3)  Actual [294.625], Unused: [104.37109375]

--------------------------------------------------
Iteration number :  88
Memory (VM: aos_vm4)  Actual [300.84765625], Unused: [101.0234375]
Memory (VM: aos_vm2)  Actual [1094.0], Unused: [941.97265625]
Memory (VM: aos_vm1)  Actual [284.421875], Unused: [102.55078125]
Memory (VM: aos_vm3)  Actual [294.625], Unused: [104.37109375]

--------------------------------------------------
Iteration number :  89
Memory (VM: aos_vm4)  Actual [300.84765625], Unused: [101.0546875]
Memory (VM: aos_vm2)  Actual [1048.0], Unused: [914.0]
Memory (VM: aos_vm1)  Actual [284.421875], Unused: [102.55078125]
Memory (VM: aos_vm3)  Actual [294.625], Unused: [104.37109375]

--------------------------------------------------
Iteration number :  90
Memory (VM: aos_vm4)  Actual [300.84765625], Unused: [101.0546875]
Memory (VM: aos_vm2)  Actual [998.0], Unused: [866.89453125]
Memory (VM: aos_vm1)  Actual [284.421875], Unused: [102.55078125]
Memory (VM: aos_vm3)  Actual [294.625], Unused: [104.37109375]

--------------------------------------------------
Iteration number :  91
Memory (VM: aos_vm4)  Actual [300.84765625], Unused: [101.0546875]
Memory (VM: aos_vm2)  Actual [948.0], Unused: [791.9375]
Memory (VM: aos_vm1)  Actual [284.421875], Unused: [102.55078125]
Memory (VM: aos_vm3)  Actual [294.625], Unused: [104.37109375]

--------------------------------------------------
Iteration number :  92
Memory (VM: aos_vm4)  Actual [300.84765625], Unused: [101.0546875]
Memory (VM: aos_vm2)  Actual [898.0], Unused: [741.92578125]
Memory (VM: aos_vm1)  Actual [284.421875], Unused: [102.55078125]
Memory (VM: aos_vm3)  Actual [294.625], Unused: [104.37109375]

--------------------------------------------------
Iteration number :  93
Memory (VM: aos_vm4)  Actual [300.84765625], Unused: [101.0546875]
Memory (VM: aos_vm2)  Actual [848.0], Unused: [691.9140625]
Memory (VM: aos_vm1)  Actual [284.421875], Unused: [102.55078125]
Memory (VM: aos_vm3)  Actual [294.625], Unused: [104.37109375]

--------------------------------------------------
Iteration number :  94
Memory (VM: aos_vm4)  Actual [300.84765625], Unused: [101.0546875]
Memory (VM: aos_vm2)  Actual [798.0], Unused: [641.90234375]
Memory (VM: aos_vm1)  Actual [284.421875], Unused: [102.55078125]
Memory (VM: aos_vm3)  Actual [294.625], Unused: [104.37109375]

--------------------------------------------------
Iteration number :  95
Memory (VM: aos_vm4)  Actual [300.84765625], Unused: [101.0546875]
Memory (VM: aos_vm2)  Actual [748.0], Unused: [592.01171875]
Memory (VM: aos_vm1)  Actual [284.421875], Unused: [102.55078125]
Memory (VM: aos_vm3)  Actual [294.625], Unused: [104.37109375]

--------------------------------------------------
Iteration number :  96
Memory (VM: aos_vm4)  Actual [300.84765625], Unused: [101.0546875]
Memory (VM: aos_vm2)  Actual [696.0], Unused: [539.94140625]
Memory (VM: aos_vm1)  Actual [284.421875], Unused: [102.55078125]
Memory (VM: aos_vm3)  Actual [294.625], Unused: [104.37109375]

--------------------------------------------------
Iteration number :  97
Memory (VM: aos_vm4)  Actual [300.84765625], Unused: [101.0546875]
Memory (VM: aos_vm2)  Actual [646.0], Unused: [489.9296875]
Memory (VM: aos_vm1)  Actual [284.421875], Unused: [102.55078125]
Memory (VM: aos_vm3)  Actual [294.625], Unused: [104.37109375]

--------------------------------------------------
Iteration number :  98
Memory (VM: aos_vm4)  Actual [300.84765625], Unused: [101.0546875]
Memory (VM: aos_vm2)  Actual [596.0], Unused: [464.984375]
Memory (VM: aos_vm1)  Actual [284.421875], Unused: [102.55078125]
Memory (VM: aos_vm3)  Actual [294.625], Unused: [104.37109375]

--------------------------------------------------
Iteration number :  99
Memory (VM: aos_vm4)  Actual [300.84765625], Unused: [101.0546875]
Memory (VM: aos_vm2)  Actual [568.0], Unused: [414.97265625]
Memory (VM: aos_vm1)  Actual [284.421875], Unused: [102.55078125]
Memory (VM: aos_vm3)  Actual [294.625], Unused: [104.37109375]

--------------------------------------------------
Iteration number :  100
Memory (VM: aos_vm4)  Actual [300.84765625], Unused: [101.0546875]
Memory (VM: aos_vm2)  Actual [521.0], Unused: [364.9609375]
Memory (VM: aos_vm1)  Actual [284.421875], Unused: [102.55078125]
Memory (VM: aos_vm3)  Actual [294.625], Unused: [104.37109375]

--------------------------------------------------
Iteration number :  101
Memory (VM: aos_vm4)  Actual [300.84765625], Unused: [101.0546875]
Memory (VM: aos_vm2)  Actual [471.0], Unused: [314.94921875]
Memory (VM: aos_vm1)  Actual [284.421875], Unused: [102.55078125]
Memory (VM: aos_vm3)  Actual [294.625], Unused: [104.37109375]

--------------------------------------------------
Iteration number :  102
Memory (VM: aos_vm4)  Actual [300.84765625], Unused: [101.0546875]
Memory (VM: aos_vm2)  Actual [446.0], Unused: [290.00390625]
Memory (VM: aos_vm1)  Actual [284.421875], Unused: [102.55078125]
Memory (VM: aos_vm3)  Actual [294.625], Unused: [104.37109375]

--------------------------------------------------
Iteration number :  103
Memory (VM: aos_vm4)  Actual [300.84765625], Unused: [101.0546875]
Memory (VM: aos_vm2)  Actual [446.0], Unused: [290.00390625]
Memory (VM: aos_vm1)  Actual [284.421875], Unused: [102.55078125]
Memory (VM: aos_vm3)  Actual [294.625], Unused: [104.37109375]

--------------------------------------------------
Iteration number :  104
Memory (VM: aos_vm4)  Actual [300.84765625], Unused: [101.0546875]
Memory (VM: aos_vm2)  Actual [446.0], Unused: [290.00390625]
Memory (VM: aos_vm1)  Actual [284.421875], Unused: [102.55078125]
Memory (VM: aos_vm3)  Actual [294.625], Unused: [104.37109375]

--------------------------------------------------
Iteration number :  105
Memory (VM: aos_vm4)  Actual [300.84765625], Unused: [101.0546875]
Memory (VM: aos_vm2)  Actual [446.0], Unused: [290.00390625]
Memory (VM: aos_vm1)  Actual [284.421875], Unused: [102.55078125]
Memory (VM: aos_vm3)  Actual [294.625], Unused: [104.37109375]

--------------------------------------------------
Iteration number :  106
Memory (VM: aos_vm4)  Actual [300.84765625], Unused: [101.0546875]
Memory (VM: aos_vm2)  Actual [446.0], Unused: [290.00390625]
Memory (VM: aos_vm1)  Actual [284.421875], Unused: [102.55078125]
Memory (VM: aos_vm3)  Actual [294.625], Unused: [104.37109375]

--------------------------------------------------
Iteration number :  107
Memory (VM: aos_vm4)  Actual [300.84765625], Unused: [100.8359375]
Memory (VM: aos_vm2)  Actual [446.0], Unused: [290.00390625]
Memory (VM: aos_vm1)  Actual [284.421875], Unused: [102.55078125]
Memory (VM: aos_vm3)  Actual [294.625], Unused: [104.37109375]

--------------------------------------------------
Iteration number :  108
Memory (VM: aos_vm4)  Actual [300.84765625], Unused: [100.8359375]
Memory (VM: aos_vm2)  Actual [446.0], Unused: [290.03515625]
Memory (VM: aos_vm1)  Actual [284.421875], Unused: [102.58203125]
Memory (VM: aos_vm3)  Actual [294.625], Unused: [104.40234375]

--------------------------------------------------
Iteration number :  109
Memory (VM: aos_vm4)  Actual [300.84765625], Unused: [100.8671875]
Memory (VM: aos_vm2)  Actual [446.0], Unused: [290.03515625]
Memory (VM: aos_vm1)  Actual [284.421875], Unused: [102.58203125]
Memory (VM: aos_vm3)  Actual [294.625], Unused: [104.40234375]

--------------------------------------------------
Iteration number :  110
Memory (VM: aos_vm4)  Actual [300.84765625], Unused: [100.8671875]
Memory (VM: aos_vm2)  Actual [446.0], Unused: [290.03515625]
Memory (VM: aos_vm1)  Actual [284.421875], Unused: [102.58203125]
Memory (VM: aos_vm3)  Actual [294.625], Unused: [104.40234375]

--------------------------------------------------
Iteration number :  111
Memory (VM: aos_vm4)  Actual [300.84765625], Unused: [100.8671875]
Memory (VM: aos_vm2)  Actual [446.0], Unused: [290.03515625]
Memory (VM: aos_vm1)  Actual [284.421875], Unused: [102.58203125]
Memory (VM: aos_vm3)  Actual [294.625], Unused: [104.40234375]

--------------------------------------------------
Iteration number :  112
Memory (VM: aos_vm4)  Actual [300.84765625], Unused: [100.8671875]
Memory (VM: aos_vm2)  Actual [446.0], Unused: [290.03515625]
Memory (VM: aos_vm1)  Actual [284.421875], Unused: [102.58203125]
Memory (VM: aos_vm3)  Actual [294.625], Unused: [104.40234375]

--------------------------------------------------
Iteration number :  113
Memory (VM: aos_vm4)  Actual [300.84765625], Unused: [100.8671875]
Memory (VM: aos_vm2)  Actual [446.0], Unused: [289.06640625]
Memory (VM: aos_vm1)  Actual [284.421875], Unused: [102.58203125]
Memory (VM: aos_vm3)  Actual [294.625], Unused: [104.40234375]

--------------------------------------------------
Iteration number :  114
Memory (VM: aos_vm4)  Actual [300.84765625], Unused: [100.8671875]
Memory (VM: aos_vm2)  Actual [446.0], Unused: [289.06640625]
Memory (VM: aos_vm1)  Actual [284.421875], Unused: [102.58203125]
Memory (VM: aos_vm3)  Actual [294.625], Unused: [104.40234375]

--------------------------------------------------
Iteration number :  115
Memory (VM: aos_vm4)  Actual [300.84765625], Unused: [100.8671875]
Memory (VM: aos_vm2)  Actual [446.0], Unused: [289.06640625]
Memory (VM: aos_vm1)  Actual [284.421875], Unused: [102.58203125]
Memory (VM: aos_vm3)  Actual [294.625], Unused: [104.40234375]

--------------------------------------------------
Iteration number :  116
Memory (VM: aos_vm4)  Actual [300.84765625], Unused: [100.8671875]
Memory (VM: aos_vm2)  Actual [446.0], Unused: [289.06640625]
Memory (VM: aos_vm1)  Actual [284.421875], Unused: [102.58203125]
Memory (VM: aos_vm3)  Actual [294.625], Unused: [104.40234375]

--------------------------------------------------
Iteration number :  117
Memory (VM: aos_vm4)  Actual [300.84765625], Unused: [100.8671875]
Memory (VM: aos_vm2)  Actual [446.0], Unused: [289.06640625]
Memory (VM: aos_vm1)  Actual [284.421875], Unused: [102.58203125]
Memory (VM: aos_vm3)  Actual [294.625], Unused: [104.40234375]

--------------------------------------------------
Iteration number :  118
Memory (VM: aos_vm4)  Actual [300.84765625], Unused: [100.8671875]
Memory (VM: aos_vm2)  Actual [446.0], Unused: [289.06640625]
Memory (VM: aos_vm1)  Actual [284.421875], Unused: [102.58203125]
Memory (VM: aos_vm3)  Actual [294.625], Unused: [104.40234375]

--------------------------------------------------
Iteration number :  119
Memory (VM: aos_vm4)  Actual [300.84765625], Unused: [100.8671875]
Memory (VM: aos_vm2)  Actual [446.0], Unused: [289.06640625]
Memory (VM: aos_vm1)  Actual [284.421875], Unused: [102.58203125]
Memory (VM: aos_vm3)  Actual [294.625], Unused: [104.40234375]

--------------------------------------------------
Iteration number :  120
Memory (VM: aos_vm4)  Actual [300.84765625], Unused: [100.8671875]
Memory (VM: aos_vm2)  Actual [446.0], Unused: [289.06640625]
Memory (VM: aos_vm1)  Actual [284.421875], Unused: [102.58203125]
Memory (VM: aos_vm3)  Actual [294.625], Unused: [104.40234375]

--------------------------------------------------
Iteration number :  121
Memory (VM: aos_vm4)  Actual [300.84765625], Unused: [100.8671875]
Memory (VM: aos_vm2)  Actual [446.0], Unused: [289.06640625]
Memory (VM: aos_vm1)  Actual [284.421875], Unused: [102.58203125]
Memory (VM: aos_vm3)  Actual [294.625], Unused: [104.40234375]

--------------------------------------------------
Iteration number :  122
Memory (VM: aos_vm4)  Actual [300.84765625], Unused: [100.8671875]
Memory (VM: aos_vm2)  Actual [446.0], Unused: [289.06640625]
Memory (VM: aos_vm1)  Actual [284.421875], Unused: [102.58203125]
Memory (VM: aos_vm3)  Actual [294.625], Unused: [104.40234375]

--------------------------------------------------
Iteration number :  123
Memory (VM: aos_vm4)  Actual [300.84765625], Unused: [100.8671875]
Memory (VM: aos_vm2)  Actual [446.0], Unused: [289.06640625]
Memory (VM: aos_vm1)  Actual [284.421875], Unused: [102.58203125]
Memory (VM: aos_vm3)  Actual [294.625], Unused: [104.40234375]

--------------------------------------------------
Iteration number :  124
Memory (VM: aos_vm4)  Actual [300.84765625], Unused: [100.8671875]
Memory (VM: aos_vm2)  Actual [446.0], Unused: [289.06640625]
Memory (VM: aos_vm1)  Actual [284.421875], Unused: [102.58203125]
Memory (VM: aos_vm3)  Actual [294.625], Unused: [104.40234375]

--------------------------------------------------
Iteration number :  125
Memory (VM: aos_vm4)  Actual [300.84765625], Unused: [100.8671875]
Memory (VM: aos_vm2)  Actual [446.0], Unused: [289.06640625]
Memory (VM: aos_vm1)  Actual [284.421875], Unused: [102.58203125]
Memory (VM: aos_vm3)  Actual [294.625], Unused: [104.40234375]

--------------------------------------------------
Iteration number :  126
Memory (VM: aos_vm4)  Actual [300.84765625], Unused: [100.8671875]
Memory (VM: aos_vm2)  Actual [446.0], Unused: [288.84765625]
Memory (VM: aos_vm1)  Actual [284.421875], Unused: [102.58203125]
Memory (VM: aos_vm3)  Actual [294.625], Unused: [104.40234375]

--------------------------------------------------
Iteration number :  127
Memory (VM: aos_vm4)  Actual [300.84765625], Unused: [100.01953125]
Memory (VM: aos_vm2)  Actual [446.0], Unused: [288.84765625]
Memory (VM: aos_vm1)  Actual [284.421875], Unused: [102.58203125]
Memory (VM: aos_vm3)  Actual [294.625], Unused: [104.40234375]

--------------------------------------------------
Iteration number :  128
Memory (VM: aos_vm4)  Actual [300.84765625], Unused: [100.05078125]
Memory (VM: aos_vm2)  Actual [446.0], Unused: [288.84765625]
Memory (VM: aos_vm1)  Actual [284.421875], Unused: [102.58203125]
Memory (VM: aos_vm3)  Actual [294.625], Unused: [104.43359375]

--------------------------------------------------
Iteration number :  129
Memory (VM: aos_vm4)  Actual [300.84765625], Unused: [100.05078125]
Memory (VM: aos_vm2)  Actual [446.0], Unused: [288.87890625]
Memory (VM: aos_vm1)  Actual [284.421875], Unused: [102.61328125]
Memory (VM: aos_vm3)  Actual [294.625], Unused: [104.43359375]

--------------------------------------------------
Iteration number :  130
Memory (VM: aos_vm4)  Actual [300.84765625], Unused: [100.05078125]
Memory (VM: aos_vm2)  Actual [446.0], Unused: [288.87890625]
Memory (VM: aos_vm1)  Actual [284.421875], Unused: [102.61328125]
Memory (VM: aos_vm3)  Actual [294.625], Unused: [104.43359375]
$ run: no process found
run: no process found
run: no process found
run: no process found

$ exit

Script done on 2021-10-04 05:02:27+00:00 [COMMAND_EXIT_CODE="0"]
